Using pre-set license
Built from '2020.2/release' branch; Version is '2020.2.2f1 (068178b99f32) revision 426360'; Using compiler version '192528614'; Build Type 'Release'
OS: 'Windows 10 Home Single Language; OS build 19041.264; Version 2004; 64bit' Language: 'en' Physical Memory: 3983 MB
BatchMode: 1, IsHumanControllingUs: 0, StartBugReporterOnCrash: 0, Is64bit: 1, IsPro: 0

 COMMAND LINE ARGUMENTS:
C:\Program Files\Unity 2020.2.2\Unity\Editor\Unity.exe
-adb2
-batchMode
-noUpm
-name
AssetImportWorker5
-projectPath
C:/Users/Oye Oluwaseun/Documents/upwork/FirstProject/IdleAdventure
-logFile
Logs/AssetImportWorker5.log
-srvPort
49679
Successfully changed project path to: C:/Users/Oye Oluwaseun/Documents/upwork/FirstProject/IdleAdventure
C:/Users/Oye Oluwaseun/Documents/upwork/FirstProject/IdleAdventure
Using Asset Import Pipeline V2.
Refreshing native plugins compatible for Editor in 261.49 ms, found 0 plugins.
Preloading 0 native plugins for Editor in 0.00 ms.
Initialize engine version: 2020.2.2f1 (068178b99f32)
[Subsystems] Discovering subsystems at path C:/Program Files/Unity 2020.2.2/Unity/Editor/Data/Resources/UnitySubsystems
[Subsystems] Discovering subsystems at path C:/Users/Oye Oluwaseun/Documents/upwork/FirstProject/IdleAdventure/Assets
GfxDevice: creating device client; threaded=0
Direct3D:
    Version:  Direct3D 11.0 [level 11.1]
    Renderer: Intel(R) HD Graphics (ID=0x22b1)
    Vendor:   
    VRAM:     1991 MB
    Driver:   20.19.15.4703
Initialize mono
Mono path[0] = 'C:/Program Files/Unity 2020.2.2/Unity/Editor/Data/Managed'
Mono path[1] = 'C:/Program Files/Unity 2020.2.2/Unity/Editor/Data/MonoBleedingEdge/lib/mono/unityjit'
Mono config path = 'C:/Program Files/Unity 2020.2.2/Unity/Editor/Data/MonoBleedingEdge/etc'
Using monoOptions --debugger-agent=transport=dt_socket,embedding=1,server=y,suspend=n,address=127.0.0.1:56756
Begin MonoManager ReloadAssembly
Registering precompiled unity dll's ...
Register platform support module: C:/Program Files/Unity 2020.2.2/Unity/Editor/Data/PlaybackEngines/WindowsStandaloneSupport/UnityEditor.WindowsStandalone.Extensions.dll
Registered in 0.011943 seconds.
Native extension for WindowsStandalone target not found
Refreshing native plugins compatible for Editor in 332.98 ms, found 0 plugins.
Preloading 0 native plugins for Editor in 0.00 ms.
Invoked RoslynAnalysisRunner static constructor.
RoslynAnalysisRunner will not be running.
RoslynAnalysisRunner has terminated.
Mono: successfully reloaded assembly
- Completed reload, in  6.651 seconds
Platform modules already initialized, skipping
Registering precompiled user dll's ...
Registered in 0.010653 seconds.
Begin MonoManager ReloadAssembly
Native extension for WindowsStandalone target not found
Refreshing native plugins compatible for Editor in 425.16 ms, found 0 plugins.
Preloading 0 native plugins for Editor in 0.00 ms.
Invoked RoslynAnalysisRunner static constructor.
RoslynAnalysisRunner will not be running.
RoslynAnalysisRunner has terminated.
Mono: successfully reloaded assembly
- Completed reload, in  8.235 seconds
Platform modules already initialized, skipping
========================================================================
Worker process is ready to serve import requests
Shader 'Universal Render Pipeline/Particles/Lit': fallback shader 'Universal Render Pipeline/Particles/SimpleLit' not found
Shader 'Universal Render Pipeline/Particles/Lit': fallback shader 'Universal Render Pipeline/Particles/SimpleLit' not found
Launched and connected shader compiler UnityShaderCompiler.exe after 1.66 seconds
Refreshing native plugins compatible for Editor in 1.93 ms, found 0 plugins.
Preloading 0 native plugins for Editor in 0.00 ms.
Unloading 2550 Unused Serialized files (Serialized files now loaded: 0)
System memory in use before: 120.8 MB.
System memory in use after: 116.6 MB.

Unloading 81 unused Assets to reduce memory usage. Loaded Objects now: 2922.
Total: 22.629500 ms (FindLiveObjects: 6.375100 ms CreateObjectMapping: 1.318000 ms MarkObjects: 7.237200 ms  DeleteObjects: 7.693600 ms)

========================================================================
Received Import Request.
  path: Assets/AurynSky/Forest Pack/Materials/Water.mat
  artifactKey: Guid(db6fe5b017a481740b6a70f2ea5860d5) Importer(815301076,1909f56bfc062723c751e8b465ee728b)
Start importing Assets/AurynSky/Forest Pack/Materials/Water.mat using Guid(db6fe5b017a481740b6a70f2ea5860d5) Importer(815301076,1909f56bfc062723c751e8b465ee728b)  -> (artifact id: '811dddcf6513e56568f0b55ae888bc7d') in 12.323875 seconds
  Import took 14.507857 seconds .

========================================================================
Received Import Request.
  Time since last request: 0.000864 seconds.
  path: Assets/Materials/water.mat
  artifactKey: Guid(13d048f152b09f648bf184fba50f6113) Importer(815301076,1909f56bfc062723c751e8b465ee728b)
Start importing Assets/Materials/water.mat using Guid(13d048f152b09f648bf184fba50f6113) Importer(815301076,1909f56bfc062723c751e8b465ee728b)  -> (artifact id: '0a86812fd7f98ae947e8d8c33e6c1eb2') in 0.639352 seconds
  Import took 0.705615 seconds .

========================================================================
Received Import Request.
  Time since last request: 305.923747 seconds.
  path: Assets/AurynSky/Forest Pack/Materials/ColorPaletteRED.mat
  artifactKey: Guid(4484256e7ebbe4a4eab77924649bab61) Importer(815301076,1909f56bfc062723c751e8b465ee728b)
Start importing Assets/AurynSky/Forest Pack/Materials/ColorPaletteRED.mat using Guid(4484256e7ebbe4a4eab77924649bab61) Importer(815301076,1909f56bfc062723c751e8b465ee728b)  -> (artifact id: '2afee954eae0ccbc27935958a6f6cba1') in 0.375776 seconds
  Import took 0.440891 seconds .

========================================================================
Received Import Request.
  Time since last request: 21.696654 seconds.
  path: Assets/GraphShaders/Toon.shadergraph
  artifactKey: Guid(e19cb4dcd769e0d42a5d7b0ddbcb6d56) Importer(815301076,1909f56bfc062723c751e8b465ee728b)
Start importing Assets/GraphShaders/Toon.shadergraph using Guid(e19cb4dcd769e0d42a5d7b0ddbcb6d56) Importer(815301076,1909f56bfc062723c751e8b465ee728b)  -> (artifact id: '04694c5a52466d46f4a7b6db8eee6683') in 0.135953 seconds
  Import took 0.190690 seconds .

========================================================================
Received Import Request.
  Time since last request: 29.013946 seconds.
  path: Assets/GraphShaders/ToonShader.shadergraph
  artifactKey: Guid(1f1366f05fac7d84fbfe437050ba363f) Importer(815301076,1909f56bfc062723c751e8b465ee728b)
Start importing Assets/GraphShaders/ToonShader.shadergraph using Guid(1f1366f05fac7d84fbfe437050ba363f) Importer(815301076,1909f56bfc062723c751e8b465ee728b)  -> (artifact id: '3efa55bf6e26c9dd957721f7c8d8e92d') in 0.041805 seconds
  Import took 0.113584 seconds .

========================================================================
Received Import Request.
  Time since last request: 2.164156 seconds.
  path: Assets/GraphShaders/ToonShader.shadergraph
  artifactKey: Guid(1f1366f05fac7d84fbfe437050ba363f) Importer(815301076,1909f56bfc062723c751e8b465ee728b)
Start importing Assets/GraphShaders/ToonShader.shadergraph using Guid(1f1366f05fac7d84fbfe437050ba363f) Importer(815301076,1909f56bfc062723c751e8b465ee728b)  -> (artifact id: '3efa55bf6e26c9dd957721f7c8d8e92d') in 0.081540 seconds
  Import took 0.101239 seconds .

========================================================================
Received Import Request.
  Time since last request: 4.537596 seconds.
  path: Assets/GraphShaders/Water.shadergraph
  artifactKey: Guid(3b6d0f407a2592b47907c8f9b48a1d47) Importer(815301076,1909f56bfc062723c751e8b465ee728b)
Start importing Assets/GraphShaders/Water.shadergraph using Guid(3b6d0f407a2592b47907c8f9b48a1d47) Importer(815301076,1909f56bfc062723c751e8b465ee728b)  -> (artifact id: 'af5cfa7d8ae6bacbb25d08f0f949beaa') in 0.077684 seconds
  Import took 0.134042 seconds .

========================================================================
Received Import Request.
  Time since last request: 274.526999 seconds.
  path: Assets/GraphShaders/ToonShader.shadergraph
  artifactKey: Guid(1f1366f05fac7d84fbfe437050ba363f) Importer(815301076,1909f56bfc062723c751e8b465ee728b)
Start importing Assets/GraphShaders/ToonShader.shadergraph using Guid(1f1366f05fac7d84fbfe437050ba363f) Importer(815301076,1909f56bfc062723c751e8b465ee728b)  -> (artifact id: '3f6874f4876f4ec24baff18d7cafafb7') in 0.034764 seconds
  Import took 0.084947 seconds .

========================================================================
Received Import Request.
  Time since last request: 2.755770 seconds.
  path: Assets/GraphShaders/ToonShader.shadergraph
  artifactKey: Guid(1f1366f05fac7d84fbfe437050ba363f) Importer(815301076,1909f56bfc062723c751e8b465ee728b)
Start importing Assets/GraphShaders/ToonShader.shadergraph using Guid(1f1366f05fac7d84fbfe437050ba363f) Importer(815301076,1909f56bfc062723c751e8b465ee728b)  -> (artifact id: '3f6874f4876f4ec24baff18d7cafafb7') in 0.048536 seconds
  Import took 0.062022 seconds .

========================================================================
Received Import Request.
  Time since last request: 543.604794 seconds.
  path: Assets/GraphShaders/ToonShader.shadergraph
  artifactKey: Guid(1f1366f05fac7d84fbfe437050ba363f) Importer(815301076,1909f56bfc062723c751e8b465ee728b)
Start importing Assets/GraphShaders/ToonShader.shadergraph using Guid(1f1366f05fac7d84fbfe437050ba363f) Importer(815301076,1909f56bfc062723c751e8b465ee728b)  -> (artifact id: '58f19c84e55ecb4d569f87d5f05a9d67') in 0.094607 seconds
  Import took 0.148194 seconds .

========================================================================
Received Import Request.
  Time since last request: 8.392261 seconds.
  path: Assets/GraphShaders/Flat shader.shadergraph
  artifactKey: Guid(1f1366f05fac7d84fbfe437050ba363f) Importer(815301076,1909f56bfc062723c751e8b465ee728b)
Start importing Assets/GraphShaders/Flat shader.shadergraph using Guid(1f1366f05fac7d84fbfe437050ba363f) Importer(815301076,1909f56bfc062723c751e8b465ee728b)  -> (artifact id: 'dcf8ec6f19d222d5ff92fbca2155a1ca') in 0.135964 seconds
  Import took 0.939051 seconds .

========================================================================
Received Import Request.
  Time since last request: 391.811604 seconds.
  path: Assets/GraphShaders/toon.cs
  artifactKey: Guid(6d97f897ee1b6224c9b43085f28982d9) Importer(815301076,1909f56bfc062723c751e8b465ee728b)
Start importing Assets/GraphShaders/toon.cs using Guid(6d97f897ee1b6224c9b43085f28982d9) Importer(815301076,1909f56bfc062723c751e8b465ee728b)  -> (artifact id: 'dc962906baaaf941b1a70c9a1a0f4ecc') in 0.120755 seconds
  Import took 0.162489 seconds .

========================================================================
Received Import Request.
  Time since last request: 44.729415 seconds.
  path: Assets/GraphShaders/Toon1.shader
  artifactKey: Guid(618f4d6a454d22e4fa374ac27edcaff9) Importer(815301076,1909f56bfc062723c751e8b465ee728b)
Start importing Assets/GraphShaders/Toon1.shader using Guid(618f4d6a454d22e4fa374ac27edcaff9) Importer(815301076,1909f56bfc062723c751e8b465ee728b)  -> (artifact id: '21d6076bfc3163579ab6d77f520fd1cb') in 0.397023 seconds
  Import took 0.451927 seconds .

========================================================================
Received Prepare
Registering precompiled user dll's ...
Registered in 0.010933 seconds.
Begin MonoManager ReloadAssembly
Native extension for WindowsStandalone target not found
Refreshing native plugins compatible for Editor in 2.37 ms, found 0 plugins.
Preloading 0 native plugins for Editor in 0.00 ms.
Invoked RoslynAnalysisRunner static constructor.
RoslynAnalysisRunner will not be running.
RoslynAnalysisRunner has terminated.
Mono: successfully reloaded assembly
- Completed reload, in  4.327 seconds
Platform modules already initialized, skipping
Shader 'Universal Render Pipeline/Particles/Lit': fallback shader 'Universal Render Pipeline/Particles/SimpleLit' not found
Shader 'Universal Render Pipeline/Particles/Lit': fallback shader 'Universal Render Pipeline/Particles/SimpleLit' not found
Refreshing native plugins compatible for Editor in 1.75 ms, found 0 plugins.
Preloading 0 native plugins for Editor in 0.00 ms.
Unloading 2469 Unused Serialized files (Serialized files now loaded: 0)
System memory in use before: 123.3 MB.
System memory in use after: 119.1 MB.

Unloading 77 unused Assets to reduce memory usage. Loaded Objects now: 3004.
Total: 15.181100 ms (FindLiveObjects: 1.205100 ms CreateObjectMapping: 0.473900 ms MarkObjects: 6.646100 ms  DeleteObjects: 6.849800 ms)

========================================================================
Received Import Request.
  Time since last request: 237.704753 seconds.
  path: Assets/GraphShaders/Toon2.shadergraph
  artifactKey: Guid(66e8394465d04c749bc29036d0b58814) Importer(815301076,1909f56bfc062723c751e8b465ee728b)
Start importing Assets/GraphShaders/Toon2.shadergraph using Guid(66e8394465d04c749bc29036d0b58814) Importer(815301076,1909f56bfc062723c751e8b465ee728b)  -> (artifact id: 'befa0466858633e1923b05538c613a4a') in 0.102154 seconds
  Import took 0.607848 seconds .

========================================================================
Received Import Request.
  Time since last request: 530.652075 seconds.
  path: Assets/GraphShaders/Toon2.shadergraph
  artifactKey: Guid(66e8394465d04c749bc29036d0b58814) Importer(815301076,1909f56bfc062723c751e8b465ee728b)
Start importing Assets/GraphShaders/Toon2.shadergraph using Guid(66e8394465d04c749bc29036d0b58814) Importer(815301076,1909f56bfc062723c751e8b465ee728b)  -> (artifact id: 'efa900ad6eaf74891079b664036e831e') in 0.036492 seconds
  Import took 0.116162 seconds .

========================================================================
Received Import Request.
  Time since last request: 2.348339 seconds.
  path: Assets/GraphShaders/Toon1.shader
  artifactKey: Guid(618f4d6a454d22e4fa374ac27edcaff9) Importer(815301076,1909f56bfc062723c751e8b465ee728b)
Start importing Assets/GraphShaders/Toon1.shader using Guid(618f4d6a454d22e4fa374ac27edcaff9) Importer(815301076,1909f56bfc062723c751e8b465ee728b)  -> (artifact id: 'fb2921b246c4d326500bda4fa58d1763') in 0.075198 seconds
  Import took 0.187428 seconds .

========================================================================
Received Import Request.
  Time since last request: 7.351131 seconds.
  path: Assets/GraphShaders/Unlitfunction.cs
  artifactKey: Guid(fc49f5a6ca42caa4cbe496b09f1b5bff) Importer(815301076,1909f56bfc062723c751e8b465ee728b)
Start importing Assets/GraphShaders/Unlitfunction.cs using Guid(fc49f5a6ca42caa4cbe496b09f1b5bff) Importer(815301076,1909f56bfc062723c751e8b465ee728b)  -> (artifact id: 'e65d0e4e345be6d46b49f2ebe9746b6c') in 0.037028 seconds
  Import took 0.103612 seconds .

========================================================================
Received Import Request.
  Time since last request: 0.008297 seconds.
  path: Assets/GraphShaders/Unlitfunction.cs
  artifactKey: Guid(fc49f5a6ca42caa4cbe496b09f1b5bff) Importer(815301076,1909f56bfc062723c751e8b465ee728b)
Start importing Assets/GraphShaders/Unlitfunction.cs using Guid(fc49f5a6ca42caa4cbe496b09f1b5bff) Importer(815301076,1909f56bfc062723c751e8b465ee728b)  -> (artifact id: 'e65d0e4e345be6d46b49f2ebe9746b6c') in 0.043919 seconds
  Import took 0.096643 seconds .

========================================================================
Received Prepare
Registering precompiled user dll's ...
Registered in 0.009071 seconds.
Begin MonoManager ReloadAssembly
Native extension for WindowsStandalone target not found
Refreshing native plugins compatible for Editor in 1.68 ms, found 0 plugins.
Preloading 0 native plugins for Editor in 0.00 ms.
Invoked RoslynAnalysisRunner static constructor.
RoslynAnalysisRunner will not be running.
RoslynAnalysisRunner has terminated.
Mono: successfully reloaded assembly
- Completed reload, in  6.194 seconds
Platform modules already initialized, skipping
Shader 'Universal Render Pipeline/Particles/Lit': fallback shader 'Universal Render Pipeline/Particles/SimpleLit' not found
Shader 'Universal Render Pipeline/Particles/Lit': fallback shader 'Universal Render Pipeline/Particles/SimpleLit' not found
Refreshing native plugins compatible for Editor in 2.57 ms, found 0 plugins.
Preloading 0 native plugins for Editor in 0.00 ms.
Unloading 2469 Unused Serialized files (Serialized files now loaded: 0)
System memory in use before: 123.6 MB.
System memory in use after: 119.4 MB.

Unloading 77 unused Assets to reduce memory usage. Loaded Objects now: 3006.
Total: 20.915200 ms (FindLiveObjects: 1.164800 ms CreateObjectMapping: 0.475700 ms MarkObjects: 11.534000 ms  DeleteObjects: 7.734800 ms)

========================================================================
Received Import Request.
  Time since last request: 464.454298 seconds.
  path: Assets/Materials/UnlitMat.mat
  artifactKey: Guid(4493d0e4e28c477438b2369ed1718942) Importer(815301076,1909f56bfc062723c751e8b465ee728b)
Start importing Assets/Materials/UnlitMat.mat using Guid(4493d0e4e28c477438b2369ed1718942) Importer(815301076,1909f56bfc062723c751e8b465ee728b)  -> (artifact id: 'c3bd826b0fa7d95e8c9ba238c20f4bb3') in 6.382317 seconds
  Import took 6.553502 seconds .

========================================================================
Received Import Request.
  Time since last request: 165.031677 seconds.
  path: Assets/GraphShaders/Unlit1.shader
  artifactKey: Guid(618f4d6a454d22e4fa374ac27edcaff9) Importer(815301076,1909f56bfc062723c751e8b465ee728b)
Start importing Assets/GraphShaders/Unlit1.shader using Guid(618f4d6a454d22e4fa374ac27edcaff9) Importer(815301076,1909f56bfc062723c751e8b465ee728b)  -> (artifact id: '9f6cb01f9f6a6511baec2372a819922f') in 0.161041 seconds
  Import took 0.270374 seconds .

========================================================================
Received Import Request.
  Time since last request: 21.973688 seconds.
  path: Assets/GraphShaders/Unlit2.shader
  artifactKey: Guid(aa888346150ae934da23c3033b6e4c39) Importer(815301076,1909f56bfc062723c751e8b465ee728b)
Start importing Assets/GraphShaders/Unlit2.shader using Guid(aa888346150ae934da23c3033b6e4c39) Importer(815301076,1909f56bfc062723c751e8b465ee728b)  -> (artifact id: '747529d696e772215aa6a659ed5ee9f2') in 0.355408 seconds
  Import took 0.733907 seconds .

========================================================================
Received Import Request.
  Time since last request: 297.519261 seconds.
  path: Assets/GraphShaders/Unlit2.shader
  artifactKey: Guid(aa888346150ae934da23c3033b6e4c39) Importer(815301076,1909f56bfc062723c751e8b465ee728b)
Start importing Assets/GraphShaders/Unlit2.shader using Guid(aa888346150ae934da23c3033b6e4c39) Importer(815301076,1909f56bfc062723c751e8b465ee728b)  -> (artifact id: '308f1e90eb0d0dda0ebc0ad93072e416') in 0.018149 seconds
  Import took 0.127830 seconds .

========================================================================
Received Import Request.
  Time since last request: 701.861661 seconds.
  path: Packages/com.unity.render-pipelines.universal/Shaders/Terrain/TerrainLit.shader
  artifactKey: Guid(69c1f799e772cb6438f56c23efccb782) Importer(815301076,1909f56bfc062723c751e8b465ee728b)
Start importing Packages/com.unity.render-pipelines.universal/Shaders/Terrain/TerrainLit.shader using Guid(69c1f799e772cb6438f56c23efccb782) Importer(815301076,1909f56bfc062723c751e8b465ee728b)  -> (artifact id: '863695ccd2730e973b05a62f36068a42') in 0.165085 seconds
  Import took 1.253428 seconds .

========================================================================
Received Import Request.
  Time since last request: 3.873384 seconds.
  path: Packages/com.unity.render-pipelines.universal/Shaders/Terrain/TerrainLit.shader
  artifactKey: Guid(69c1f799e772cb6438f56c23efccb782) Importer(815301076,1909f56bfc062723c751e8b465ee728b)
Start importing Packages/com.unity.render-pipelines.universal/Shaders/Terrain/TerrainLit.shader using Guid(69c1f799e772cb6438f56c23efccb782) Importer(815301076,1909f56bfc062723c751e8b465ee728b)  -> (artifact id: '863695ccd2730e973b05a62f36068a42') in 0.017221 seconds
  Import took 0.030417 seconds .

========================================================================
Received Import Request.
  Time since last request: 11.269051 seconds.
  path: Packages/com.unity.render-pipelines.universal/Shaders/Terrain/TerrainLitInput.hlsl
  artifactKey: Guid(a817cb90496894b368593402e13b040c) Importer(815301076,1909f56bfc062723c751e8b465ee728b)
Start importing Packages/com.unity.render-pipelines.universal/Shaders/Terrain/TerrainLitInput.hlsl using Guid(a817cb90496894b368593402e13b040c) Importer(815301076,1909f56bfc062723c751e8b465ee728b)  -> (artifact id: '0b8c2fb411b705c5206a159afedac205') in 1.896320 seconds
  Import took 1.962862 seconds .

========================================================================
Received Import Request.
  Time since last request: 0.358851 seconds.
  path: Packages/com.unity.render-pipelines.universal/Shaders/Terrain/TerrainLitMetaPass.hlsl
  artifactKey: Guid(d00e32bd7638d40538d108b4e2581147) Importer(815301076,1909f56bfc062723c751e8b465ee728b)
Start importing Packages/com.unity.render-pipelines.universal/Shaders/Terrain/TerrainLitMetaPass.hlsl using Guid(d00e32bd7638d40538d108b4e2581147) Importer(815301076,1909f56bfc062723c751e8b465ee728b)  -> (artifact id: '7650d14b7ed272bc61e2ce0075fed9e1') in 0.339281 seconds
  Import took 0.787589 seconds .

========================================================================
Received Import Request.
  Time since last request: 0.626400 seconds.
  path: Packages/com.unity.render-pipelines.universal/Shaders/Terrain/TerrainLitAdd.shader
  artifactKey: Guid(0a7e590f3cf1d4ee8a8fab5b6eff09ef) Importer(815301076,1909f56bfc062723c751e8b465ee728b)
Start importing Packages/com.unity.render-pipelines.universal/Shaders/Terrain/TerrainLitAdd.shader using Guid(0a7e590f3cf1d4ee8a8fab5b6eff09ef) Importer(815301076,1909f56bfc062723c751e8b465ee728b)  -> (artifact id: '0515452e288d397a3faaf0e1626c81ad') in 0.233983 seconds
  Import took 0.272025 seconds .

========================================================================
Received Import Request.
  Time since last request: 1.400622 seconds.
  path: Packages/com.unity.render-pipelines.universal/Shaders/Terrain/TerrainLitAdd.shader
  artifactKey: Guid(0a7e590f3cf1d4ee8a8fab5b6eff09ef) Importer(815301076,1909f56bfc062723c751e8b465ee728b)
Start importing Packages/com.unity.render-pipelines.universal/Shaders/Terrain/TerrainLitAdd.shader using Guid(0a7e590f3cf1d4ee8a8fab5b6eff09ef) Importer(815301076,1909f56bfc062723c751e8b465ee728b)  -> (artifact id: '0515452e288d397a3faaf0e1626c81ad') in 0.020800 seconds
  Import took 0.044820 seconds .

========================================================================
Received Import Request.
  Time since last request: 0.849134 seconds.
  path: Packages/com.unity.render-pipelines.universal/Shaders/Terrain/TerrainDetailLit.shader
  artifactKey: Guid(f6783ab646d374f94b199774402a5144) Importer(815301076,1909f56bfc062723c751e8b465ee728b)
Start importing Packages/com.unity.render-pipelines.universal/Shaders/Terrain/TerrainDetailLit.shader using Guid(f6783ab646d374f94b199774402a5144) Importer(815301076,1909f56bfc062723c751e8b465ee728b)  -> (artifact id: 'e22f5e9281c81fe49d3dc4dfecb5b99f') in 0.520721 seconds
  Import took 0.871747 seconds .

========================================================================
Received Import Request.
  Time since last request: 0.255863 seconds.
  path: Packages/com.unity.render-pipelines.universal/Shaders/Terrain/TerrainDetailLit.shader
  artifactKey: Guid(f6783ab646d374f94b199774402a5144) Importer(815301076,1909f56bfc062723c751e8b465ee728b)
Start importing Packages/com.unity.render-pipelines.universal/Shaders/Terrain/TerrainDetailLit.shader using Guid(f6783ab646d374f94b199774402a5144) Importer(815301076,1909f56bfc062723c751e8b465ee728b)  -> (artifact id: 'e22f5e9281c81fe49d3dc4dfecb5b99f') in 0.195271 seconds
  Import took 0.255134 seconds .

========================================================================
Received Import Request.
  Time since last request: 21.797344 seconds.
  path: Packages/com.unity.ide.visualstudio/package.json
  artifactKey: Guid(656f74f6edaa396458412b9e3903d8cd) Importer(815301076,1909f56bfc062723c751e8b465ee728b)
Start importing Packages/com.unity.ide.visualstudio/package.json using Guid(656f74f6edaa396458412b9e3903d8cd) Importer(815301076,1909f56bfc062723c751e8b465ee728b)  -> (artifact id: '5d1396cdc4ada4265beaa8232de2af15') in 1.357229 seconds
  Import took 1.820812 seconds .

========================================================================
Received Import Request.
  Time since last request: 75.922652 seconds.
  path: Assets/AurynSky/Forest Pack/Materials/ColorPaletteRED.mat
  artifactKey: Guid(4484256e7ebbe4a4eab77924649bab61) Importer(815301076,1909f56bfc062723c751e8b465ee728b)
Start importing Assets/AurynSky/Forest Pack/Materials/ColorPaletteRED.mat using Guid(4484256e7ebbe4a4eab77924649bab61) Importer(815301076,1909f56bfc062723c751e8b465ee728b)  -> (artifact id: 'a6af25d19ad128933cc54dfe5c97ace7') in 3.219546 seconds
  Import took 3.498594 seconds .

========================================================================
Received Import Request.
  Time since last request: 4.856117 seconds.
  path: Assets/GraphShaders/TerrainLit.shader
  artifactKey: Guid(a3c873f8bb7ba0341a57391289c881e5) Importer(815301076,1909f56bfc062723c751e8b465ee728b)
Start importing Assets/GraphShaders/TerrainLit.shader using Guid(a3c873f8bb7ba0341a57391289c881e5) Importer(815301076,1909f56bfc062723c751e8b465ee728b)  -> (artifact id: 'bef99af8badb7d6b2566d7147104ae67') in 0.251335 seconds
  Import took 0.346683 seconds .

========================================================================
Received Import Request.
  Time since last request: 948.584197 seconds.
  path: Assets/low-poly-tree-concept (1)
  artifactKey: Guid(92414f5f495ea544d8a21fbc5c83f2d8) Importer(815301076,1909f56bfc062723c751e8b465ee728b)
Start importing Assets/low-poly-tree-concept (1) using Guid(92414f5f495ea544d8a21fbc5c83f2d8) Importer(815301076,1909f56bfc062723c751e8b465ee728b)  -> (artifact id: '11cd9d4da188d4ce4f44a3b9df590af6') in 1.050244 seconds
  Import took 1.489562 seconds .

========================================================================
Received Import Request.
  Time since last request: 3.628967 seconds.
  path: Assets/low-poly-tree-concept (1)/source
  artifactKey: Guid(6c167e2ff718ded4db237d1e83870c02) Importer(815301076,1909f56bfc062723c751e8b465ee728b)
Start importing Assets/low-poly-tree-concept (1)/source using Guid(6c167e2ff718ded4db237d1e83870c02) Importer(815301076,1909f56bfc062723c751e8b465ee728b)  -> (artifact id: 'e668c7396a72355d8ead326d32284284') in 0.096057 seconds
  Import took 0.114836 seconds .

========================================================================
Received Import Request.
  Time since last request: 0.008863 seconds.
  path: Assets/low-poly-tree-concept (1)/source
  artifactKey: Guid(6c167e2ff718ded4db237d1e83870c02) Importer(815301076,1909f56bfc062723c751e8b465ee728b)
Start importing Assets/low-poly-tree-concept (1)/source using Guid(6c167e2ff718ded4db237d1e83870c02) Importer(815301076,1909f56bfc062723c751e8b465ee728b)  -> (artifact id: 'e668c7396a72355d8ead326d32284284') in 0.039792 seconds
  Import took 0.093198 seconds .

========================================================================
Received Import Request.
  Time since last request: 0.993290 seconds.
  path: Assets/low-poly-tree-concept (1)/source/tree_2.zip
  artifactKey: Guid(11494001032e96e4db910be64677cf50) Importer(815301076,1909f56bfc062723c751e8b465ee728b)
Start importing Assets/low-poly-tree-concept (1)/source/tree_2.zip using Guid(11494001032e96e4db910be64677cf50) Importer(815301076,1909f56bfc062723c751e8b465ee728b)  -> (artifact id: 'cb658d6051a00fa2d988d0c8318928e4') in 0.944999 seconds
  Import took 0.964925 seconds .

========================================================================
Received Import Request.
  Time since last request: 13.490190 seconds.
  path: Assets/low-poly-tree-pack
  artifactKey: Guid(18e175583801bc24bbadca28114a29d9) Importer(815301076,1909f56bfc062723c751e8b465ee728b)
Start importing Assets/low-poly-tree-pack using Guid(18e175583801bc24bbadca28114a29d9) Importer(815301076,1909f56bfc062723c751e8b465ee728b)  -> (artifact id: 'ece4cb36bdfb32bb3d55b046c00c7d5e') in 0.140547 seconds
  Import took 0.172062 seconds .

========================================================================
Received Import Request.
  Time since last request: 1.108706 seconds.
  path: Assets/low-poly-tree-pack/source
  artifactKey: Guid(78530dceeb9ce6f49b78f62437569927) Importer(815301076,1909f56bfc062723c751e8b465ee728b)
Start importing Assets/low-poly-tree-pack/source using Guid(78530dceeb9ce6f49b78f62437569927) Importer(815301076,1909f56bfc062723c751e8b465ee728b)  -> (artifact id: '898e27d882b1048387985e32e644ae31') in 0.080118 seconds
  Import took 0.098415 seconds .

========================================================================
Received Import Request.
  Time since last request: 0.483653 seconds.
  path: Assets/low-poly-tree-pack/source/LP_TREE_PACK.fbx
  artifactKey: Guid(b48ebdb3c6c1d7f44aaa8b838955ea2c) Importer(815301076,1909f56bfc062723c751e8b465ee728b)
Start importing Assets/low-poly-tree-pack/source/LP_TREE_PACK.fbx using Guid(b48ebdb3c6c1d7f44aaa8b838955ea2c) Importer(815301076,1909f56bfc062723c751e8b465ee728b)  -> (artifact id: 'a7a5043722678b005aa67c6ac9bb1980') in 29.338601 seconds
  Import took 29.380993 seconds .

========================================================================
Received Import Request.
  Time since last request: 83.277040 seconds.
  path: Assets/Materials/UnlitMat.mat
  artifactKey: Guid(4493d0e4e28c477438b2369ed1718942) Importer(815301076,1909f56bfc062723c751e8b465ee728b)
Start importing Assets/Materials/UnlitMat.mat using Guid(4493d0e4e28c477438b2369ed1718942) Importer(815301076,1909f56bfc062723c751e8b465ee728b)  -> (artifact id: '6a6446956f07cddd0701f523a2e2798f') in 0.256832 seconds
  Import took 0.272309 seconds .

========================================================================
Received Import Request.
  Time since last request: 36.116245 seconds.
  path: Assets/low-poly-tree-pack/source/LP_TREE_PACK.fbx
  artifactKey: Guid(b48ebdb3c6c1d7f44aaa8b838955ea2c) Importer(815301076,1909f56bfc062723c751e8b465ee728b)
Start importing Assets/low-poly-tree-pack/source/LP_TREE_PACK.fbx using Guid(b48ebdb3c6c1d7f44aaa8b838955ea2c) Importer(815301076,1909f56bfc062723c751e8b465ee728b)  -> (artifact id: 'f6927c9625b93e67ccf5123a339c8355') in 1.700938 seconds
  Import took 1.726100 seconds .

========================================================================
Received Import Request.
  Time since last request: 0.185392 seconds.
  path: Assets/low-poly-tree-pack/source/Material.011.mat
  artifactKey: Guid(ca6539812f676ba479e513f21992a721) Importer(815301076,1909f56bfc062723c751e8b465ee728b)
Start importing Assets/low-poly-tree-pack/source/Material.011.mat using Guid(ca6539812f676ba479e513f21992a721) Importer(815301076,1909f56bfc062723c751e8b465ee728b)  -> (artifact id: '89dde65c3eb0909c4f57ae0dedb7fc5e') in 0.172946 seconds
  Import took 0.192312 seconds .

========================================================================
Received Import Request.
  Time since last request: 0.000940 seconds.
  path: Assets/low-poly-tree-pack/source/Material.005.mat
  artifactKey: Guid(9080a3b8ffdf8a64caa0c5f4f027cda0) Importer(815301076,1909f56bfc062723c751e8b465ee728b)
Start importing Assets/low-poly-tree-pack/source/Material.005.mat using Guid(9080a3b8ffdf8a64caa0c5f4f027cda0) Importer(815301076,1909f56bfc062723c751e8b465ee728b)  -> (artifact id: '0d32ac81a685ef98d2d71d9ee41fe1ff') in 0.269728 seconds
  Import took 0.312440 seconds .

========================================================================
Received Import Request.
  Time since last request: 0.000877 seconds.
  path: Assets/low-poly-tree-pack/source/Material.013.mat
  artifactKey: Guid(9128ce5305ff5914d880b48a4918021a) Importer(815301076,1909f56bfc062723c751e8b465ee728b)
Start importing Assets/low-poly-tree-pack/source/Material.013.mat using Guid(9128ce5305ff5914d880b48a4918021a) Importer(815301076,1909f56bfc062723c751e8b465ee728b)  -> (artifact id: '98e8e93ae0ffd82c7e44623202c62097') in 0.420331 seconds
  Import took 0.452414 seconds .

========================================================================
Received Import Request.
  Time since last request: 0.000957 seconds.
  path: Assets/low-poly-tree-pack/source/Material.012.mat
  artifactKey: Guid(2adfd4d7e1f3a834c8ae3a136e6452ca) Importer(815301076,1909f56bfc062723c751e8b465ee728b)
Start importing Assets/low-poly-tree-pack/source/Material.012.mat using Guid(2adfd4d7e1f3a834c8ae3a136e6452ca) Importer(815301076,1909f56bfc062723c751e8b465ee728b)  -> (artifact id: 'dde48868c18f2e5c9fbeaab7bc6a4ae7') in 0.589059 seconds
  Import took 0.730611 seconds .

========================================================================
Received Import Request.
  Time since last request: 0.000753 seconds.
  path: Assets/low-poly-tree-pack/source/Material.014.mat
  artifactKey: Guid(f0f1afe5c0498e74cbddd8ffc2d76307) Importer(815301076,1909f56bfc062723c751e8b465ee728b)
Start importing Assets/low-poly-tree-pack/source/Material.014.mat using Guid(f0f1afe5c0498e74cbddd8ffc2d76307) Importer(815301076,1909f56bfc062723c751e8b465ee728b)  -> (artifact id: 'db44c1a517308be79429c92d97921470') in 0.310356 seconds
  Import took 0.505097 seconds .

========================================================================
Received Import Request.
  Time since last request: 0.001298 seconds.
  path: Assets/low-poly-tree-pack/source/Material.009.mat
  artifactKey: Guid(c641a768a1e55b54c8fe869953fbb6a4) Importer(815301076,1909f56bfc062723c751e8b465ee728b)
Start importing Assets/low-poly-tree-pack/source/Material.009.mat using Guid(c641a768a1e55b54c8fe869953fbb6a4) Importer(815301076,1909f56bfc062723c751e8b465ee728b)  -> (artifact id: '36aedf078f5100fe54fa380fa11ba400') in 0.144392 seconds
  Import took 0.335734 seconds .

========================================================================
Received Import Request.
  Time since last request: 0.001147 seconds.
  path: Assets/low-poly-tree-pack/source/Material.016.mat
  artifactKey: Guid(cfe005adcdc27624f809292ec1b2e824) Importer(815301076,1909f56bfc062723c751e8b465ee728b)
Start importing Assets/low-poly-tree-pack/source/Material.016.mat using Guid(cfe005adcdc27624f809292ec1b2e824) Importer(815301076,1909f56bfc062723c751e8b465ee728b)  -> (artifact id: '783b82fe81db861fdf94fa5293485880') in 0.295963 seconds
  Import took 0.469334 seconds .

========================================================================
Received Import Request.
  Time since last request: 0.000858 seconds.
  path: Assets/low-poly-tree-pack/source/Material.003.mat
  artifactKey: Guid(096b4604ecfcb2b40a64904058fb3908) Importer(815301076,1909f56bfc062723c751e8b465ee728b)
Start importing Assets/low-poly-tree-pack/source/Material.003.mat using Guid(096b4604ecfcb2b40a64904058fb3908) Importer(815301076,1909f56bfc062723c751e8b465ee728b)  -> (artifact id: '99ddbbbe7437af478af67698c9f9e86b') in 0.378810 seconds
  Import took 0.394036 seconds .

========================================================================
Received Import Request.
  Time since last request: 0.000775 seconds.
  path: Assets/low-poly-tree-pack/source/Material.008.mat
  artifactKey: Guid(f1e533079efa63f4fa916117a7bfae21) Importer(815301076,1909f56bfc062723c751e8b465ee728b)
Start importing Assets/low-poly-tree-pack/source/Material.008.mat using Guid(f1e533079efa63f4fa916117a7bfae21) Importer(815301076,1909f56bfc062723c751e8b465ee728b)  -> (artifact id: '4077e50bc17f39134a7d2641914c7cd8') in 0.384927 seconds
  Import took 0.399177 seconds .

========================================================================
Received Import Request.
  Time since last request: 0.082730 seconds.
  path: Assets/low-poly-tree-pack/source/Material.002.mat
  artifactKey: Guid(5cb1296c5f59f4b48b442e5af5027d56) Importer(815301076,1909f56bfc062723c751e8b465ee728b)
Start importing Assets/low-poly-tree-pack/source/Material.002.mat using Guid(5cb1296c5f59f4b48b442e5af5027d56) Importer(815301076,1909f56bfc062723c751e8b465ee728b)  -> (artifact id: 'f3dd2b3b6a2701ada63a31e70fb7e5f5') in 0.436150 seconds
  Import took 0.484074 seconds .

========================================================================
Received Import Request.
  Time since last request: 0.000864 seconds.
  path: Assets/low-poly-tree-pack/source/Material.006.mat
  artifactKey: Guid(5ec840a8a3797b441a41c1c1dfc81b32) Importer(815301076,1909f56bfc062723c751e8b465ee728b)
Start importing Assets/low-poly-tree-pack/source/Material.006.mat using Guid(5ec840a8a3797b441a41c1c1dfc81b32) Importer(815301076,1909f56bfc062723c751e8b465ee728b)  -> (artifact id: 'a7ed0004590d8645de93b1aa936a9562') in 0.356497 seconds
  Import took 0.369739 seconds .

========================================================================
Received Import Request.
  Time since last request: 0.000855 seconds.
  path: Assets/low-poly-tree-pack/source/Material.004.mat
  artifactKey: Guid(7f09b47f9e60cd44483cad5d773ec172) Importer(815301076,1909f56bfc062723c751e8b465ee728b)
Start importing Assets/low-poly-tree-pack/source/Material.004.mat using Guid(7f09b47f9e60cd44483cad5d773ec172) Importer(815301076,1909f56bfc062723c751e8b465ee728b)  -> (artifact id: '920e67123a8afd8a00c91d45983c442d') in 0.290191 seconds
  Import took 0.302584 seconds .

========================================================================
Received Import Request.
  Time since last request: 0.000735 seconds.
  path: Assets/low-poly-tree-pack/source/Material.010.mat
  artifactKey: Guid(9389339d1860bf54993fd3ad96dcc84f) Importer(815301076,1909f56bfc062723c751e8b465ee728b)
Start importing Assets/low-poly-tree-pack/source/Material.010.mat using Guid(9389339d1860bf54993fd3ad96dcc84f) Importer(815301076,1909f56bfc062723c751e8b465ee728b)  -> (artifact id: '77b8e983696c3fca04b2f33393d948c7') in 0.743183 seconds
  Import took 0.762270 seconds .

========================================================================
Received Import Request.
  Time since last request: 0.000205 seconds.
  path: Assets/low-poly-tree-pack/source/Material.018.mat
  artifactKey: Guid(e93af64542163e34cb9804df1e2593a8) Importer(815301076,1909f56bfc062723c751e8b465ee728b)
Start importing Assets/low-poly-tree-pack/source/Material.018.mat using Guid(e93af64542163e34cb9804df1e2593a8) Importer(815301076,1909f56bfc062723c751e8b465ee728b)  -> (artifact id: '884a8a15ebb226da59d207d1e0b3d074') in 0.253866 seconds
  Import took 0.270373 seconds .

========================================================================
Received Import Request.
  Time since last request: 0.104326 seconds.
  path: Assets/low-poly-tree-pack/source/Material.019.mat
  artifactKey: Guid(87d9dcabbb8397543a1e51617b68bc81) Importer(815301076,1909f56bfc062723c751e8b465ee728b)
Start importing Assets/low-poly-tree-pack/source/Material.019.mat using Guid(87d9dcabbb8397543a1e51617b68bc81) Importer(815301076,1909f56bfc062723c751e8b465ee728b)  -> (artifact id: '4bdf8a9826712f2464de3f3c7b1ad11c') in 0.274512 seconds
  Import took 0.318956 seconds .

========================================================================
Received Import Request.
  Time since last request: 5707.681916 seconds.
  path: Assets/low-poly-tree-pack/source/Material.005.mat
  artifactKey: Guid(9080a3b8ffdf8a64caa0c5f4f027cda0) Importer(815301076,1909f56bfc062723c751e8b465ee728b)
Start importing Assets/low-poly-tree-pack/source/Material.005.mat using Guid(9080a3b8ffdf8a64caa0c5f4f027cda0) Importer(815301076,1909f56bfc062723c751e8b465ee728b)  -> (artifact id: 'eb5f6430b5ecdc615a4b7a474a325753') in 12.091780 seconds
  Import took 15.180438 seconds .

========================================================================
Received Import Request.
  Time since last request: 0.001401 seconds.
  path: Assets/low-poly-tree-pack/source/Material.006.mat
  artifactKey: Guid(5ec840a8a3797b441a41c1c1dfc81b32) Importer(815301076,1909f56bfc062723c751e8b465ee728b)
Start importing Assets/low-poly-tree-pack/source/Material.006.mat using Guid(5ec840a8a3797b441a41c1c1dfc81b32) Importer(815301076,1909f56bfc062723c751e8b465ee728b)  -> (artifact id: '5b1edf8b4da508cb2f4df48fc29de858') in 0.369580 seconds
  Import took 0.567630 seconds .

========================================================================
Received Import Request.
  Time since last request: 10.548292 seconds.
  path: Assets/tree pack my edit.fbx
  artifactKey: Guid(b0e80706691bc1b4e896542508fac507) Importer(815301076,1909f56bfc062723c751e8b465ee728b)
Start importing Assets/tree pack my edit.fbx using Guid(b0e80706691bc1b4e896542508fac507) Importer(815301076,1909f56bfc062723c751e8b465ee728b)  -> (artifact id: '88fbf48f74268e8e3650a6c1a78fb04a') in 1.723194 seconds
  Import took 1.809969 seconds .

========================================================================
Received Import Request.
  Time since last request: 123.189516 seconds.
  path: Assets/tree pack my edit.fbx
  artifactKey: Guid(b0e80706691bc1b4e896542508fac507) Importer(815301076,1909f56bfc062723c751e8b465ee728b)
Start importing Assets/tree pack my edit.fbx using Guid(b0e80706691bc1b4e896542508fac507) Importer(815301076,1909f56bfc062723c751e8b465ee728b)  -> (artifact id: 'bca7c8d4baea6e15cb997fe79b0b3e19') in 0.399855 seconds
  Import took 0.545781 seconds .

========================================================================
Received Import Request.
  Time since last request: 94.846150 seconds.
  path: Assets/Textures/PaintedLeaf1.png
  artifactKey: Guid(56694a70acc4557428591a04da6e8022) Importer(815301076,1909f56bfc062723c751e8b465ee728b)
Start importing Assets/Textures/PaintedLeaf1.png using Guid(56694a70acc4557428591a04da6e8022) Importer(815301076,1909f56bfc062723c751e8b465ee728b)  -> (artifact id: '8e2fba0e30ec4e77c414029d0b98976e') in 8.210854 seconds
  Import took 8.317792 seconds .

========================================================================
Received Import Request.
  Time since last request: 0.001115 seconds.
  path: Assets/Textures/PaintedTrunk1.png
  artifactKey: Guid(a15e4486428e8ca47a64ae9b30db5fba) Importer(815301076,1909f56bfc062723c751e8b465ee728b)
Start importing Assets/Textures/PaintedTrunk1.png using Guid(a15e4486428e8ca47a64ae9b30db5fba) Importer(815301076,1909f56bfc062723c751e8b465ee728b)  -> (artifact id: '356318953d7eedf6dfc60bc6479ff6f8') in 0.558756 seconds
  Import took 0.633674 seconds .

========================================================================
Received Import Request.
  Time since last request: 1344.918329 seconds.
  path: Assets/New Terrain 3.asset
  artifactKey: Guid(7ea1063d366a3074a889c566537a7f18) Importer(815301076,1909f56bfc062723c751e8b465ee728b)
Start importing Assets/New Terrain 3.asset using Guid(7ea1063d366a3074a889c566537a7f18) Importer(815301076,1909f56bfc062723c751e8b465ee728b)  -> (artifact id: '45000247c217cb03dbcf7bd25012bbcf') in 6.694679 seconds
  Import took 6.863094 seconds .

========================================================================
Received Import Request.
  Time since last request: 15.592093 seconds.
  path: Assets/Materials/NewLayer.terrainlayer
  artifactKey: Guid(b1ff0a2fe5d97d24eb02b77bb4eb0c07) Importer(815301076,1909f56bfc062723c751e8b465ee728b)
Start importing Assets/Materials/NewLayer.terrainlayer using Guid(b1ff0a2fe5d97d24eb02b77bb4eb0c07) Importer(815301076,1909f56bfc062723c751e8b465ee728b)  -> (artifact id: 'c540629d2a6338d437c71e20097ed98a') in 2.276950 seconds
  Import took 2.420179 seconds .

========================================================================
Received Import Request.
  Time since last request: 196.752948 seconds.
  path: Assets/tree pack my edit.fbx
  artifactKey: Guid(b0e80706691bc1b4e896542508fac507) Importer(815301076,1909f56bfc062723c751e8b465ee728b)
Start importing Assets/tree pack my edit.fbx using Guid(b0e80706691bc1b4e896542508fac507) Importer(815301076,1909f56bfc062723c751e8b465ee728b)  -> (artifact id: 'b1edd2759edb5841a01ea1cfb73640c9') in 0.777366 seconds
  Import took 0.834967 seconds .

========================================================================
Received Import Request.
  Time since last request: 1691.397731 seconds.
  path: Assets/URP/URP.asset
  artifactKey: Guid(d173b924387716046a74d7af662194ac) Importer(815301076,1909f56bfc062723c751e8b465ee728b)
Start importing Assets/URP/URP.asset using Guid(d173b924387716046a74d7af662194ac) Importer(815301076,1909f56bfc062723c751e8b465ee728b)  -> (artifact id: '078c8af78393f149f2ade36be84fd8b4') in 0.350232 seconds
  Import took 0.464466 seconds .

AssetImportWorkerClient::OnTransportError - code=2 error=End of file
