Using pre-set license
Built from '2020.2/release' branch; Version is '2020.2.2f1 (068178b99f32) revision 426360'; Using compiler version '192528614'; Build Type 'Release'
OS: 'Windows 10 Home; OS build 19042.746; Version 2009; 64bit' Language: 'en' Physical Memory: 16233 MB
BatchMode: 1, IsHumanControllingUs: 0, StartBugReporterOnCrash: 0, Is64bit: 1, IsPro: 0

 COMMAND LINE ARGUMENTS:
C:\Program Files\Unity\Hub\Editor\2020.2.2f1\Editor\Unity.exe
-adb2
-batchMode
-noUpm
-name
AssetImportWorker0
-projectPath
C:/Projects/Unity/Upwork/Idle Adventure
-logFile
Logs/AssetImportWorker0.log
-srvPort
52564
Successfully changed project path to: C:/Projects/Unity/Upwork/Idle Adventure
C:/Projects/Unity/Upwork/Idle Adventure
Using Asset Import Pipeline V2.
Refreshing native plugins compatible for Editor in 45.24 ms, found 0 plugins.
Preloading 0 native plugins for Editor in 0.00 ms.
Initialize engine version: 2020.2.2f1 (068178b99f32)
[Subsystems] Discovering subsystems at path C:/Program Files/Unity/Hub/Editor/2020.2.2f1/Editor/Data/Resources/UnitySubsystems
[Subsystems] Discovering subsystems at path C:/Projects/Unity/Upwork/Idle Adventure/Assets
GfxDevice: creating device client; threaded=0
Direct3D:
    Version:  Direct3D 11.0 [level 11.1]
    Renderer: NVIDIA GeForce RTX 2070 (ID=0x1f10)
    Vendor:   
    VRAM:     8031 MB
    Driver:   27.21.14.6089
Shader 'Universal Render Pipeline/Particles/Lit': fallback shader 'Universal Render Pipeline/Particles/SimpleLit' not found
Initialize mono
Mono path[0] = 'C:/Program Files/Unity/Hub/Editor/2020.2.2f1/Editor/Data/Managed'
Mono path[1] = 'C:/Program Files/Unity/Hub/Editor/2020.2.2f1/Editor/Data/MonoBleedingEdge/lib/mono/unityjit'
Mono config path = 'C:/Program Files/Unity/Hub/Editor/2020.2.2f1/Editor/Data/MonoBleedingEdge/etc'
Using monoOptions --debugger-agent=transport=dt_socket,embedding=1,server=y,suspend=n,address=127.0.0.1:56292
Begin MonoManager ReloadAssembly
Registering precompiled unity dll's ...
Register platform support module: C:/Program Files/Unity/Hub/Editor/2020.2.2f1/Editor/Data/PlaybackEngines/WindowsStandaloneSupport/UnityEditor.WindowsStandalone.Extensions.dll
Registered in 0.001910 seconds.
Native extension for WindowsStandalone target not found
Refreshing native plugins compatible for Editor in 45.31 ms, found 0 plugins.
Preloading 0 native plugins for Editor in 0.00 ms.
Invoked RoslynAnalysisRunner static constructor.
RoslynAnalysisRunner will not be running.
RoslynAnalysisRunner has terminated.
Mono: successfully reloaded assembly
- Completed reload, in  0.944 seconds
Platform modules already initialized, skipping
Registering precompiled user dll's ...
Registered in 0.001429 seconds.
Begin MonoManager ReloadAssembly
Native extension for WindowsStandalone target not found
Refreshing native plugins compatible for Editor in 55.57 ms, found 0 plugins.
Preloading 0 native plugins for Editor in 0.00 ms.
Invoked RoslynAnalysisRunner static constructor.
RoslynAnalysisRunner will not be running.
RoslynAnalysisRunner has terminated.
Mono: successfully reloaded assembly
- Completed reload, in  0.930 seconds
Platform modules already initialized, skipping
========================================================================
Worker process is ready to serve import requests
Shader 'Universal Render Pipeline/Particles/Lit': fallback shader 'Universal Render Pipeline/Particles/SimpleLit' not found
Launched and connected shader compiler UnityShaderCompiler.exe after 0.04 seconds
Refreshing native plugins compatible for Editor in 0.40 ms, found 0 plugins.
Preloading 0 native plugins for Editor in 0.00 ms.
Unloading 2518 Unused Serialized files (Serialized files now loaded: 0)
System memory in use before: 133.1 MB.
System memory in use after: 133.2 MB.

Unloading 11 unused Assets to reduce memory usage. Loaded Objects now: 2976.
Total: 2.476700 ms (FindLiveObjects: 0.370200 ms CreateObjectMapping: 0.216900 ms MarkObjects: 1.792200 ms  DeleteObjects: 0.096300 ms)

========================================================================
Received Import Request.
  path: Assets/New Terrain.asset
  artifactKey: Guid(1575ee25286c2d748a5bbf261434551f) Importer(815301076,1909f56bfc062723c751e8b465ee728b)
Start importing Assets/New Terrain.asset using Guid(1575ee25286c2d748a5bbf261434551f) Importer(815301076,1909f56bfc062723c751e8b465ee728b) The tree ForestTreeDShort must use the Nature/Soft Occlusion shader. Otherwise billboarding/lighting will not work correctly.

 -> (artifact id: '5d84752024daedf676cb6b094f39b841') in 0.085257 seconds
  Import took 0.089748 seconds .

========================================================================
Received Import Request.
  Time since last request: 0.000288 seconds.
  path: Assets/New Terrain 1.asset
  artifactKey: Guid(99ea24a09cba9e543a279d60768762d4) Importer(815301076,1909f56bfc062723c751e8b465ee728b)
Start importing Assets/New Terrain 1.asset using Guid(99ea24a09cba9e543a279d60768762d4) Importer(815301076,1909f56bfc062723c751e8b465ee728b)  -> (artifact id: 'f6bbeb16576b52c51f949795ecbf31b4') in 0.024598 seconds
  Import took 0.029239 seconds .

========================================================================
Received Import Request.
  Time since last request: 0.010713 seconds.
  path: Assets/New Terrain 1.asset
  artifactKey: Guid(99ea24a09cba9e543a279d60768762d4) Importer(815301076,1909f56bfc062723c751e8b465ee728b)
Start importing Assets/New Terrain 1.asset using Guid(99ea24a09cba9e543a279d60768762d4) Importer(815301076,1909f56bfc062723c751e8b465ee728b)  -> (artifact id: 'f6bbeb16576b52c51f949795ecbf31b4') in 0.017768 seconds
  Import took 0.022370 seconds .

========================================================================
Received Import Request.
  Time since last request: 2.457912 seconds.
  path: Assets/Sprites
  artifactKey: Guid(35d4fb84f4d4e874daf79c1a3c65d3dd) Importer(815301076,1909f56bfc062723c751e8b465ee728b)
Start importing Assets/Sprites using Guid(35d4fb84f4d4e874daf79c1a3c65d3dd) Importer(815301076,1909f56bfc062723c751e8b465ee728b)  -> (artifact id: 'c694dd64d64467d51692fe7a4c2d2e31') in 0.006357 seconds
  Import took 0.010041 seconds .

========================================================================
Received Import Request.
  Time since last request: 0.005451 seconds.
  path: Assets/Sprites
  artifactKey: Guid(35d4fb84f4d4e874daf79c1a3c65d3dd) Importer(815301076,1909f56bfc062723c751e8b465ee728b)
Start importing Assets/Sprites using Guid(35d4fb84f4d4e874daf79c1a3c65d3dd) Importer(815301076,1909f56bfc062723c751e8b465ee728b)  -> (artifact id: 'c694dd64d64467d51692fe7a4c2d2e31') in 0.002444 seconds
  Import took 0.006519 seconds .

========================================================================
Received Import Request.
  Time since last request: 0.052405 seconds.
  path: Assets/Sprites/wood_citter.png
  artifactKey: Guid(d5fddba173bc0bf41aa25cd772ee71f9) Importer(815301076,1909f56bfc062723c751e8b465ee728b)
Start importing Assets/Sprites/wood_citter.png using Guid(d5fddba173bc0bf41aa25cd772ee71f9) Importer(815301076,1909f56bfc062723c751e8b465ee728b)  -> (artifact id: '05c4e26f5175a95f783ee18939de5112') in 0.047794 seconds
  Import took 0.052817 seconds .

========================================================================
Received Import Request.
  Time since last request: 10.910777 seconds.
  path: Assets/Sprites/wood_cutter.png
  artifactKey: Guid(d5fddba173bc0bf41aa25cd772ee71f9) Importer(815301076,1909f56bfc062723c751e8b465ee728b)
Start importing Assets/Sprites/wood_cutter.png using Guid(d5fddba173bc0bf41aa25cd772ee71f9) Importer(815301076,1909f56bfc062723c751e8b465ee728b)  -> (artifact id: '7256844cc9f176745d1f59db8a93c329') in 0.015983 seconds
  Import took 0.021449 seconds .

========================================================================
Received Import Request.
  Time since last request: 5.429575 seconds.
  path: Assets/Sprites/wood_cutter.png
  artifactKey: Guid(d5fddba173bc0bf41aa25cd772ee71f9) Importer(815301076,1909f56bfc062723c751e8b465ee728b)
Start importing Assets/Sprites/wood_cutter.png using Guid(d5fddba173bc0bf41aa25cd772ee71f9) Importer(815301076,1909f56bfc062723c751e8b465ee728b)  -> (artifact id: '48f8921be6f0c25673e151d85ccb4b5b') in 0.056881 seconds
  Import took 0.060907 seconds .

========================================================================
Received Import Request.
  Time since last request: 391.156380 seconds.
  path: Assets/Sprites/3257295-200.png
  artifactKey: Guid(7364061297eae1b4486972eca0f3eeba) Importer(815301076,1909f56bfc062723c751e8b465ee728b)
Start importing Assets/Sprites/3257295-200.png using Guid(7364061297eae1b4486972eca0f3eeba) Importer(815301076,1909f56bfc062723c751e8b465ee728b)  -> (artifact id: '98a9ccb9de76db8cd58ef842a95944df') in 0.022405 seconds
  Import took 0.028410 seconds .

========================================================================
Received Import Request.
  Time since last request: 0.000334 seconds.
  path: Assets/Sprites/download.png
  artifactKey: Guid(d37a2ac4795eca34c8dc38cc26a42dbb) Importer(815301076,1909f56bfc062723c751e8b465ee728b)
Start importing Assets/Sprites/download.png using Guid(d37a2ac4795eca34c8dc38cc26a42dbb) Importer(815301076,1909f56bfc062723c751e8b465ee728b)  -> (artifact id: 'c0821635cb3ebd9d9c3fc1874e8aab47') in 0.020243 seconds
  Import took 0.025198 seconds .

========================================================================
Received Import Request.
  Time since last request: 0.000795 seconds.
  path: Assets/Sprites/gold-1410594-1193569.png
  artifactKey: Guid(7ee46ab6b03692a4dadd16973b49437c) Importer(815301076,1909f56bfc062723c751e8b465ee728b)
Start importing Assets/Sprites/gold-1410594-1193569.png using Guid(7ee46ab6b03692a4dadd16973b49437c) Importer(815301076,1909f56bfc062723c751e8b465ee728b)  -> (artifact id: '633808b34e5c72c84f470193f6065cfa') in 0.022747 seconds
  Import took 0.029805 seconds .

========================================================================
Received Import Request.
  Time since last request: 0.000316 seconds.
  path: Assets/Sprites/wood_cutter.jpg
  artifactKey: Guid(c4676333a472e61408dec71d90b75244) Importer(815301076,1909f56bfc062723c751e8b465ee728b)
Start importing Assets/Sprites/wood_cutter.jpg using Guid(c4676333a472e61408dec71d90b75244) Importer(815301076,1909f56bfc062723c751e8b465ee728b)  -> (artifact id: '9050938820295f1d65347171a5a2547b') in 0.021060 seconds
  Import took 0.026862 seconds .

========================================================================
Received Import Request.
  Time since last request: 0.000305 seconds.
  path: Assets/Sprites/coins.png
  artifactKey: Guid(2cb30382274f5194c963d9b38d1d4923) Importer(815301076,1909f56bfc062723c751e8b465ee728b)
Start importing Assets/Sprites/coins.png using Guid(2cb30382274f5194c963d9b38d1d4923) Importer(815301076,1909f56bfc062723c751e8b465ee728b)  -> (artifact id: '0c830cfb0a225988468ce3a1752aa541') in 0.023315 seconds
  Import took 0.028135 seconds .

========================================================================
Received Import Request.
  Time since last request: 14.036030 seconds.
  path: Assets/Sprites/gold-1410594-1193569.png
  artifactKey: Guid(7ee46ab6b03692a4dadd16973b49437c) Importer(815301076,1909f56bfc062723c751e8b465ee728b)
Start importing Assets/Sprites/gold-1410594-1193569.png using Guid(7ee46ab6b03692a4dadd16973b49437c) Importer(815301076,1909f56bfc062723c751e8b465ee728b)  -> (artifact id: '2d3490b9879649fa5ea8f59c224fa3c8') in 0.020178 seconds
  Import took 0.024248 seconds .

========================================================================
Received Import Request.
  Time since last request: 0.004167 seconds.
  path: Assets/Sprites/gold-1410594-1193569.png
  artifactKey: Guid(7ee46ab6b03692a4dadd16973b49437c) Importer(815301076,1909f56bfc062723c751e8b465ee728b)
Start importing Assets/Sprites/gold-1410594-1193569.png using Guid(7ee46ab6b03692a4dadd16973b49437c) Importer(815301076,1909f56bfc062723c751e8b465ee728b)  -> (artifact id: '2d3490b9879649fa5ea8f59c224fa3c8') in 0.023029 seconds
  Import took 0.028144 seconds .

========================================================================
Received Import Request.
  Time since last request: 8.660029 seconds.
  path: Assets/Sprites/3257295-200.png
  artifactKey: Guid(7364061297eae1b4486972eca0f3eeba) Importer(815301076,1909f56bfc062723c751e8b465ee728b)
Start importing Assets/Sprites/3257295-200.png using Guid(7364061297eae1b4486972eca0f3eeba) Importer(815301076,1909f56bfc062723c751e8b465ee728b)  -> (artifact id: '8cc54a1afa651ce00862e7211cb21dcd') in 0.021870 seconds
  Import took 0.027123 seconds .

========================================================================
Received Prepare
Registering precompiled user dll's ...
Registered in 0.001380 seconds.
Begin MonoManager ReloadAssembly
Native extension for WindowsStandalone target not found
Refreshing native plugins compatible for Editor in 0.42 ms, found 0 plugins.
Preloading 0 native plugins for Editor in 0.00 ms.
Invoked RoslynAnalysisRunner static constructor.
RoslynAnalysisRunner will not be running.
RoslynAnalysisRunner has terminated.
Mono: successfully reloaded assembly
- Completed reload, in  0.820 seconds
Platform modules already initialized, skipping
Shader 'Universal Render Pipeline/Particles/Lit': fallback shader 'Universal Render Pipeline/Particles/SimpleLit' not found
Refreshing native plugins compatible for Editor in 0.41 ms, found 0 plugins.
Preloading 0 native plugins for Editor in 0.00 ms.
Unloading 2390 Unused Serialized files (Serialized files now loaded: 0)
System memory in use before: 130.9 MB.
System memory in use after: 131.1 MB.

Unloading 6 unused Assets to reduce memory usage. Loaded Objects now: 2992.
Total: 2.175600 ms (FindLiveObjects: 0.238300 ms CreateObjectMapping: 0.111300 ms MarkObjects: 1.752400 ms  DeleteObjects: 0.072300 ms)

========================================================================
Received Import Request.
  Time since last request: 633.663194 seconds.
  path: Assets/Sprites/wood_cutter.jpg
  artifactKey: Guid(c4676333a472e61408dec71d90b75244) Importer(815301076,1909f56bfc062723c751e8b465ee728b)
Start importing Assets/Sprites/wood_cutter.jpg using Guid(c4676333a472e61408dec71d90b75244) Importer(815301076,1909f56bfc062723c751e8b465ee728b)  -> (artifact id: '5e021fd3e9f3ebe6dbff20075f26e810') in 0.073135 seconds
  Import took 0.077718 seconds .

========================================================================
Received Prepare
Registering precompiled user dll's ...
Registered in 0.001413 seconds.
Begin MonoManager ReloadAssembly
Native extension for WindowsStandalone target not found
Refreshing native plugins compatible for Editor in 0.41 ms, found 0 plugins.
Preloading 0 native plugins for Editor in 0.00 ms.
Invoked RoslynAnalysisRunner static constructor.
RoslynAnalysisRunner will not be running.
RoslynAnalysisRunner has terminated.
Mono: successfully reloaded assembly
- Completed reload, in  0.835 seconds
Platform modules already initialized, skipping
Shader 'Universal Render Pipeline/Particles/Lit': fallback shader 'Universal Render Pipeline/Particles/SimpleLit' not found
Refreshing native plugins compatible for Editor in 0.45 ms, found 0 plugins.
Preloading 0 native plugins for Editor in 0.00 ms.
Unloading 2397 Unused Serialized files (Serialized files now loaded: 0)
System memory in use before: 132.2 MB.
System memory in use after: 131.9 MB.

Unloading 19 unused Assets to reduce memory usage. Loaded Objects now: 2997.
Total: 3.825800 ms (FindLiveObjects: 0.428000 ms CreateObjectMapping: 0.220900 ms MarkObjects: 2.770300 ms  DeleteObjects: 0.405200 ms)

========================================================================
Received Prepare
Registering precompiled user dll's ...
Registered in 0.001397 seconds.
Begin MonoManager ReloadAssembly
Native extension for WindowsStandalone target not found
Refreshing native plugins compatible for Editor in 0.41 ms, found 0 plugins.
Preloading 0 native plugins for Editor in 0.00 ms.
Invoked RoslynAnalysisRunner static constructor.
RoslynAnalysisRunner will not be running.
RoslynAnalysisRunner has terminated.
Mono: successfully reloaded assembly
- Completed reload, in  0.816 seconds
Platform modules already initialized, skipping
Shader 'Universal Render Pipeline/Particles/Lit': fallback shader 'Universal Render Pipeline/Particles/SimpleLit' not found
Refreshing native plugins compatible for Editor in 0.45 ms, found 0 plugins.
Preloading 0 native plugins for Editor in 0.00 ms.
Unloading 2397 Unused Serialized files (Serialized files now loaded: 0)
System memory in use before: 132.3 MB.
System memory in use after: 131.9 MB.

Unloading 19 unused Assets to reduce memory usage. Loaded Objects now: 2999.
Total: 2.795100 ms (FindLiveObjects: 0.342400 ms CreateObjectMapping: 0.230500 ms MarkObjects: 1.783800 ms  DeleteObjects: 0.437200 ms)

========================================================================
Received Import Request.
  Time since last request: 965.411057 seconds.
  path: Assets/Fonts
  artifactKey: Guid(0c34a22b3c57af349a11e9703a96fc79) Importer(815301076,1909f56bfc062723c751e8b465ee728b)
Start importing Assets/Fonts using Guid(0c34a22b3c57af349a11e9703a96fc79) Importer(815301076,1909f56bfc062723c751e8b465ee728b)  -> (artifact id: 'ade76d2433285f2b11ee471ed43f2c45') in 0.012658 seconds
  Import took 0.018201 seconds .

========================================================================
Received Import Request.
  Time since last request: 101.018338 seconds.
  path: Assets/Fonts/Quivira.otf
  artifactKey: Guid(3d09fced81884da489fe6a100d5d9993) Importer(815301076,1909f56bfc062723c751e8b465ee728b)
Start importing Assets/Fonts/Quivira.otf using Guid(3d09fced81884da489fe6a100d5d9993) Importer(815301076,1909f56bfc062723c751e8b465ee728b)  -> (artifact id: 'dfdc232c3632f7bd864b998da1e55c75') in 0.208677 seconds
  Import took 0.213747 seconds .

========================================================================
Received Import Request.
  Time since last request: 0.000304 seconds.
  path: Assets/Fonts/Tinos-Bold.ttf
  artifactKey: Guid(96fd73c4042195f479d3bf62f80cf2dd) Importer(815301076,1909f56bfc062723c751e8b465ee728b)
Start importing Assets/Fonts/Tinos-Bold.ttf using Guid(96fd73c4042195f479d3bf62f80cf2dd) Importer(815301076,1909f56bfc062723c751e8b465ee728b)  -> (artifact id: '56f2eb1b5582b88f65c85508071b9786') in 0.018153 seconds
  Import took 0.023316 seconds .

========================================================================
Received Import Request.
  Time since last request: 0.000402 seconds.
  path: Assets/Fonts/Tinos-BoldItalic.ttf
  artifactKey: Guid(50dd874831e49aa499143260815fb767) Importer(815301076,1909f56bfc062723c751e8b465ee728b)
Start importing Assets/Fonts/Tinos-BoldItalic.ttf using Guid(50dd874831e49aa499143260815fb767) Importer(815301076,1909f56bfc062723c751e8b465ee728b)  -> (artifact id: 'b2d804b4b33ed2f59131a0937e9414ed') in 0.020708 seconds
  Import took 0.025534 seconds .

========================================================================
Received Import Request.
  Time since last request: 0.000318 seconds.
  path: Assets/Fonts/Tinos-Regular.ttf
  artifactKey: Guid(dc610859ca733024d8bc07a540f3fb1b) Importer(815301076,1909f56bfc062723c751e8b465ee728b)
Start importing Assets/Fonts/Tinos-Regular.ttf using Guid(dc610859ca733024d8bc07a540f3fb1b) Importer(815301076,1909f56bfc062723c751e8b465ee728b)  -> (artifact id: '0490407555e32b1cffbfb989ee4d0259') in 0.021954 seconds
  Import took 0.026785 seconds .

========================================================================
Received Import Request.
  Time since last request: 0.000271 seconds.
  path: Assets/Fonts/Tinos-Italic.ttf
  artifactKey: Guid(29b012744c038df44ad28ed698bc63b6) Importer(815301076,1909f56bfc062723c751e8b465ee728b)
Start importing Assets/Fonts/Tinos-Italic.ttf using Guid(29b012744c038df44ad28ed698bc63b6) Importer(815301076,1909f56bfc062723c751e8b465ee728b)  -> (artifact id: 'd20bc1d45001610b75e679be08f3fce5') in 0.018951 seconds
  Import took 0.025171 seconds .

========================================================================
Received Import Request.
  Time since last request: 9.725438 seconds.
  path: Assets/TextMesh Pro/Fonts/LiberationSans.ttf
  artifactKey: Guid(e3265ab4bf004d28a9537516768c1c75) Importer(815301076,1909f56bfc062723c751e8b465ee728b)
Start importing Assets/TextMesh Pro/Fonts/LiberationSans.ttf using Guid(e3265ab4bf004d28a9537516768c1c75) Importer(815301076,1909f56bfc062723c751e8b465ee728b)  -> (artifact id: 'dd2ab84b1a633d37d8c0fc7c71681ab1') in 0.015864 seconds
  Import took 0.020859 seconds .

========================================================================
Received Import Request.
  Time since last request: 0.008332 seconds.
  path: Assets/TextMesh Pro/Fonts/LiberationSans.ttf
  artifactKey: Guid(e3265ab4bf004d28a9537516768c1c75) Importer(815301076,1909f56bfc062723c751e8b465ee728b)
Start importing Assets/TextMesh Pro/Fonts/LiberationSans.ttf using Guid(e3265ab4bf004d28a9537516768c1c75) Importer(815301076,1909f56bfc062723c751e8b465ee728b)  -> (artifact id: 'dd2ab84b1a633d37d8c0fc7c71681ab1') in 0.016903 seconds
  Import took 0.021232 seconds .

========================================================================
Received Import Request.
  Time since last request: 14.321097 seconds.
  path: Assets/Fonts/Quivira SDF.asset
  artifactKey: Guid(04d48665ff650e54b979809d40745753) Importer(815301076,1909f56bfc062723c751e8b465ee728b)
Start importing Assets/Fonts/Quivira SDF.asset using Guid(04d48665ff650e54b979809d40745753) Importer(815301076,1909f56bfc062723c751e8b465ee728b)  -> (artifact id: '48d1cb15bd7f736a424a4ac2d0e7612f') in 0.054886 seconds
  Import took 0.059117 seconds .

========================================================================
Received Import Request.
  Time since last request: 71.760960 seconds.
  path: Assets/Fonts/Quivira SDF.asset
  artifactKey: Guid(04d48665ff650e54b979809d40745753) Importer(815301076,1909f56bfc062723c751e8b465ee728b)
Start importing Assets/Fonts/Quivira SDF.asset using Guid(04d48665ff650e54b979809d40745753) Importer(815301076,1909f56bfc062723c751e8b465ee728b)  -> (artifact id: '1f98402173b19d4e335912f222eba7a1') in 0.028504 seconds
  Import took 0.033163 seconds .

========================================================================
Received Import Request.
  Time since last request: 9.943495 seconds.
  path: Assets/Fonts/Quivira SDF.asset
  artifactKey: Guid(04d48665ff650e54b979809d40745753) Importer(815301076,1909f56bfc062723c751e8b465ee728b)
Start importing Assets/Fonts/Quivira SDF.asset using Guid(04d48665ff650e54b979809d40745753) Importer(815301076,1909f56bfc062723c751e8b465ee728b)  -> (artifact id: 'c0f9c5c55ba3aa6e3b2cbea7c727ef0e') in 0.029218 seconds
  Import took 0.033665 seconds .

========================================================================
Received Import Request.
  Time since last request: 35.387072 seconds.
  path: Assets/Fonts/Quivira SDF.asset
  artifactKey: Guid(04d48665ff650e54b979809d40745753) Importer(815301076,1909f56bfc062723c751e8b465ee728b)
Start importing Assets/Fonts/Quivira SDF.asset using Guid(04d48665ff650e54b979809d40745753) Importer(815301076,1909f56bfc062723c751e8b465ee728b)  -> (artifact id: 'bd630ce0b1e839a0ed71f917d487d0a2') in 0.028736 seconds
  Import took 0.033877 seconds .

========================================================================
Received Import Request.
  Time since last request: 0.000296 seconds.
  path: Assets/Fonts/Tinos-Regular SDF.asset
  artifactKey: Guid(05b5e0f9a2959f84784deda8c6a5eece) Importer(815301076,1909f56bfc062723c751e8b465ee728b)
Start importing Assets/Fonts/Tinos-Regular SDF.asset using Guid(05b5e0f9a2959f84784deda8c6a5eece) Importer(815301076,1909f56bfc062723c751e8b465ee728b)  -> (artifact id: 'e60f5dd2de1c6783e0e8dc4213c80c65') in 0.033378 seconds
  Import took 0.038033 seconds .

========================================================================
Received Prepare
Registering precompiled user dll's ...
Registered in 0.001461 seconds.
Begin MonoManager ReloadAssembly
Native extension for WindowsStandalone target not found
Refreshing native plugins compatible for Editor in 0.47 ms, found 0 plugins.
Preloading 0 native plugins for Editor in 0.00 ms.
Invoked RoslynAnalysisRunner static constructor.
RoslynAnalysisRunner will not be running.
RoslynAnalysisRunner has terminated.
Mono: successfully reloaded assembly
- Completed reload, in  0.853 seconds
Platform modules already initialized, skipping
Shader 'Universal Render Pipeline/Particles/Lit': fallback shader 'Universal Render Pipeline/Particles/SimpleLit' not found
Refreshing native plugins compatible for Editor in 0.56 ms, found 0 plugins.
Preloading 0 native plugins for Editor in 0.00 ms.
Unloading 2397 Unused Serialized files (Serialized files now loaded: 0)
System memory in use before: 134.9 MB.
System memory in use after: 134.6 MB.

Unloading 17 unused Assets to reduce memory usage. Loaded Objects now: 3082.
Total: 2.615000 ms (FindLiveObjects: 0.333300 ms CreateObjectMapping: 0.151800 ms MarkObjects: 1.838300 ms  DeleteObjects: 0.290700 ms)

========================================================================
Received Import Request.
  Time since last request: 165.929220 seconds.
  path: Assets/Sprites/download.png
  artifactKey: Guid(d37a2ac4795eca34c8dc38cc26a42dbb) Importer(815301076,1909f56bfc062723c751e8b465ee728b)
Start importing Assets/Sprites/download.png using Guid(d37a2ac4795eca34c8dc38cc26a42dbb) Importer(815301076,1909f56bfc062723c751e8b465ee728b)  -> (artifact id: '2ade12f5c320b1b8d94a5d9abb398b99') in 0.067103 seconds
  Import took 0.070940 seconds .

========================================================================
Received Import Request.
  Time since last request: 378.532859 seconds.
  path: Assets/Sprites/coins.png
  artifactKey: Guid(2cb30382274f5194c963d9b38d1d4923) Importer(815301076,1909f56bfc062723c751e8b465ee728b)
Start importing Assets/Sprites/coins.png using Guid(2cb30382274f5194c963d9b38d1d4923) Importer(815301076,1909f56bfc062723c751e8b465ee728b)  -> (artifact id: 'b64b975a24d0f726c45bc294054a73e1') in 0.022562 seconds
  Import took 0.027878 seconds .

========================================================================
Received Import Request.
  Time since last request: 0.010451 seconds.
  path: Assets/Sprites/coins.png
  artifactKey: Guid(2cb30382274f5194c963d9b38d1d4923) Importer(815301076,1909f56bfc062723c751e8b465ee728b)
Start importing Assets/Sprites/coins.png using Guid(2cb30382274f5194c963d9b38d1d4923) Importer(815301076,1909f56bfc062723c751e8b465ee728b)  -> (artifact id: 'b64b975a24d0f726c45bc294054a73e1') in 0.021203 seconds
  Import took 0.026447 seconds .

========================================================================
Received Import Request.
  Time since last request: 160.532598 seconds.
  path: Assets/Sprites/39-512.png
  artifactKey: Guid(7021c3d4af7a55447883ca490d800c08) Importer(815301076,1909f56bfc062723c751e8b465ee728b)
Start importing Assets/Sprites/39-512.png using Guid(7021c3d4af7a55447883ca490d800c08) Importer(815301076,1909f56bfc062723c751e8b465ee728b)  -> (artifact id: 'eca766797eb5a4db033f7fe04fa0c111') in 0.019209 seconds
  Import took 0.026395 seconds .

========================================================================
Received Import Request.
  Time since last request: 5.987204 seconds.
  path: Assets/Sprites/39-512.png
  artifactKey: Guid(7021c3d4af7a55447883ca490d800c08) Importer(815301076,1909f56bfc062723c751e8b465ee728b)
Start importing Assets/Sprites/39-512.png using Guid(7021c3d4af7a55447883ca490d800c08) Importer(815301076,1909f56bfc062723c751e8b465ee728b)  -> (artifact id: 'c646c5c496773400f57d6c9c6907b4cd') in 0.019655 seconds
  Import took 0.025284 seconds .

========================================================================
Received Prepare
Registering precompiled user dll's ...
Registered in 0.001335 seconds.
Begin MonoManager ReloadAssembly
Native extension for WindowsStandalone target not found
Refreshing native plugins compatible for Editor in 0.47 ms, found 0 plugins.
Preloading 0 native plugins for Editor in 0.00 ms.
Invoked RoslynAnalysisRunner static constructor.
RoslynAnalysisRunner will not be running.
RoslynAnalysisRunner has terminated.
Mono: successfully reloaded assembly
- Completed reload, in  0.868 seconds
Platform modules already initialized, skipping
Shader 'Universal Render Pipeline/Particles/Lit': fallback shader 'Universal Render Pipeline/Particles/SimpleLit' not found
Refreshing native plugins compatible for Editor in 0.42 ms, found 0 plugins.
Preloading 0 native plugins for Editor in 0.00 ms.
Unloading 2395 Unused Serialized files (Serialized files now loaded: 0)
System memory in use before: 134.8 MB.
System memory in use after: 134.5 MB.

Unloading 17 unused Assets to reduce memory usage. Loaded Objects now: 3087.
Total: 3.346800 ms (FindLiveObjects: 0.369600 ms CreateObjectMapping: 0.134300 ms MarkObjects: 2.123400 ms  DeleteObjects: 0.718300 ms)

========================================================================
Received Prepare
Registering precompiled user dll's ...
Registered in 0.003165 seconds.
Begin MonoManager ReloadAssembly
Native extension for WindowsStandalone target not found
Refreshing native plugins compatible for Editor in 0.64 ms, found 0 plugins.
Preloading 0 native plugins for Editor in 0.00 ms.
Invoked RoslynAnalysisRunner static constructor.
RoslynAnalysisRunner will not be running.
RoslynAnalysisRunner has terminated.
Mono: successfully reloaded assembly
- Completed reload, in  1.700 seconds
Platform modules already initialized, skipping
Shader 'Universal Render Pipeline/Particles/Lit': fallback shader 'Universal Render Pipeline/Particles/SimpleLit' not found
Refreshing native plugins compatible for Editor in 0.74 ms, found 0 plugins.
Preloading 0 native plugins for Editor in 0.00 ms.
Unloading 2395 Unused Serialized files (Serialized files now loaded: 0)
System memory in use before: 134.9 MB.
System memory in use after: 134.6 MB.

Unloading 17 unused Assets to reduce memory usage. Loaded Objects now: 3089.
Total: 8.943200 ms (FindLiveObjects: 0.950800 ms CreateObjectMapping: 1.478800 ms MarkObjects: 5.445800 ms  DeleteObjects: 1.065400 ms)

========================================================================
Received Import Request.
  Time since last request: 1161.188990 seconds.
  path: Assets/UI/button.png
  artifactKey: Guid(186390c45f3bb14468aa494ed8284740) Importer(815301076,1909f56bfc062723c751e8b465ee728b)
Start importing Assets/UI/button.png using Guid(186390c45f3bb14468aa494ed8284740) Importer(815301076,1909f56bfc062723c751e8b465ee728b)  -> (artifact id: '194f6eb72e1135f7492c6e35ea8b4df3') in 0.041186 seconds
  Import took 0.046142 seconds .

========================================================================
Received Import Request.
  Time since last request: 0.000289 seconds.
  path: Assets/UI/button_bg.png
  artifactKey: Guid(b0b78cfe9ebe8bb4bb247401452876ba) Importer(815301076,1909f56bfc062723c751e8b465ee728b)
Start importing Assets/UI/button_bg.png using Guid(b0b78cfe9ebe8bb4bb247401452876ba) Importer(815301076,1909f56bfc062723c751e8b465ee728b)  -> (artifact id: 'd1b480ff0b473f1d2a6dc5fbfd59f03d') in 0.018987 seconds
  Import took 0.023444 seconds .

========================================================================
Received Import Request.
  Time since last request: 0.000426 seconds.
  path: Assets/UI/button_coin.png
  artifactKey: Guid(56cab946c1eea4444b126595d166f224) Importer(815301076,1909f56bfc062723c751e8b465ee728b)
Start importing Assets/UI/button_coin.png using Guid(56cab946c1eea4444b126595d166f224) Importer(815301076,1909f56bfc062723c751e8b465ee728b)  -> (artifact id: 'd07480f6169e6a3dcc0fa8df8109f71e') in 0.022425 seconds
  Import took 0.027951 seconds .

========================================================================
Received Import Request.
  Time since last request: 0.000302 seconds.
  path: Assets/UI/gems.png
  artifactKey: Guid(67714a1eb4e5a22429323a3ebacc458b) Importer(815301076,1909f56bfc062723c751e8b465ee728b)
Start importing Assets/UI/gems.png using Guid(67714a1eb4e5a22429323a3ebacc458b) Importer(815301076,1909f56bfc062723c751e8b465ee728b)  -> (artifact id: '150e1c75c6d925838a9b3660ddaa9664') in 0.017821 seconds
  Import took 0.023293 seconds .

========================================================================
Received Import Request.
  Time since last request: 0.000299 seconds.
  path: Assets/UI/coins.png
  artifactKey: Guid(20e0a236a70d37d429c0b589ec4d0a35) Importer(815301076,1909f56bfc062723c751e8b465ee728b)
Start importing Assets/UI/coins.png using Guid(20e0a236a70d37d429c0b589ec4d0a35) Importer(815301076,1909f56bfc062723c751e8b465ee728b)  -> (artifact id: 'ec0c353945264a690bf995f11f090381') in 0.017483 seconds
  Import took 0.022109 seconds .

========================================================================
Received Import Request.
  Time since last request: 7.008503 seconds.
  path: Assets/UI/button.png
  artifactKey: Guid(186390c45f3bb14468aa494ed8284740) Importer(815301076,1909f56bfc062723c751e8b465ee728b)
Start importing Assets/UI/button.png using Guid(186390c45f3bb14468aa494ed8284740) Importer(815301076,1909f56bfc062723c751e8b465ee728b)  -> (artifact id: '706da0665a4ba0d9f43aa08e2f9aa7ea') in 0.030037 seconds
  Import took 0.034058 seconds .

========================================================================
Received Import Request.
  Time since last request: 0.000340 seconds.
  path: Assets/UI/button_bg.png
  artifactKey: Guid(b0b78cfe9ebe8bb4bb247401452876ba) Importer(815301076,1909f56bfc062723c751e8b465ee728b)
Start importing Assets/UI/button_bg.png using Guid(b0b78cfe9ebe8bb4bb247401452876ba) Importer(815301076,1909f56bfc062723c751e8b465ee728b)  -> (artifact id: '1351387c5486563dab60d7c903cf895b') in 0.023747 seconds
  Import took 0.028075 seconds .

========================================================================
Received Import Request.
  Time since last request: 0.000358 seconds.
  path: Assets/UI/button_coin.png
  artifactKey: Guid(56cab946c1eea4444b126595d166f224) Importer(815301076,1909f56bfc062723c751e8b465ee728b)
Start importing Assets/UI/button_coin.png using Guid(56cab946c1eea4444b126595d166f224) Importer(815301076,1909f56bfc062723c751e8b465ee728b)  -> (artifact id: 'da116c76dd2b7429e8dec199e05a59bd') in 0.020101 seconds
  Import took 0.024803 seconds .

========================================================================
Received Import Request.
  Time since last request: 0.000386 seconds.
  path: Assets/UI/gems.png
  artifactKey: Guid(67714a1eb4e5a22429323a3ebacc458b) Importer(815301076,1909f56bfc062723c751e8b465ee728b)
Start importing Assets/UI/gems.png using Guid(67714a1eb4e5a22429323a3ebacc458b) Importer(815301076,1909f56bfc062723c751e8b465ee728b)  -> (artifact id: 'cd8fd6a81162b4d3a9284f1b0aaf14a8') in 0.014939 seconds
  Import took 0.020117 seconds .

========================================================================
Received Import Request.
  Time since last request: 0.000580 seconds.
  path: Assets/UI/coins.png
  artifactKey: Guid(20e0a236a70d37d429c0b589ec4d0a35) Importer(815301076,1909f56bfc062723c751e8b465ee728b)
Start importing Assets/UI/coins.png using Guid(20e0a236a70d37d429c0b589ec4d0a35) Importer(815301076,1909f56bfc062723c751e8b465ee728b)  -> (artifact id: 'cd37cb0c4a710d99a81eff43d5a7b06c') in 0.016361 seconds
  Import took 0.020951 seconds .

========================================================================
Received Prepare
Registering precompiled user dll's ...
Registered in 0.001406 seconds.
Begin MonoManager ReloadAssembly
Native extension for WindowsStandalone target not found
Refreshing native plugins compatible for Editor in 0.44 ms, found 0 plugins.
Preloading 0 native plugins for Editor in 0.00 ms.
Invoked RoslynAnalysisRunner static constructor.
RoslynAnalysisRunner will not be running.
RoslynAnalysisRunner has terminated.
Mono: successfully reloaded assembly
- Completed reload, in  0.822 seconds
Platform modules already initialized, skipping
Shader 'Universal Render Pipeline/Particles/Lit': fallback shader 'Universal Render Pipeline/Particles/SimpleLit' not found
Refreshing native plugins compatible for Editor in 0.43 ms, found 0 plugins.
Preloading 0 native plugins for Editor in 0.00 ms.
Unloading 2395 Unused Serialized files (Serialized files now loaded: 0)
System memory in use before: 135.9 MB.
System memory in use after: 135.6 MB.

Unloading 17 unused Assets to reduce memory usage. Loaded Objects now: 3104.
Total: 2.536200 ms (FindLiveObjects: 0.280800 ms CreateObjectMapping: 0.142200 ms MarkObjects: 1.774100 ms  DeleteObjects: 0.337900 ms)

========================================================================
Received Import Request.
  Time since last request: 147.319360 seconds.
  path: Assets/Fonts/Tinos-Regular SDF.asset
  artifactKey: Guid(05b5e0f9a2959f84784deda8c6a5eece) Importer(815301076,1909f56bfc062723c751e8b465ee728b)
Start importing Assets/Fonts/Tinos-Regular SDF.asset using Guid(05b5e0f9a2959f84784deda8c6a5eece) Importer(815301076,1909f56bfc062723c751e8b465ee728b)  -> (artifact id: '01b6e06ff7c2affdf4bb749f3f7673f1') in 0.202318 seconds
  Import took 0.207398 seconds .

========================================================================
Received Import Request.
  Time since last request: 19.234485 seconds.
  path: Assets/Fonts/Tinos-Bold SDF.asset
  artifactKey: Guid(dc1f6d519af92c24f811065efdd43b9d) Importer(815301076,1909f56bfc062723c751e8b465ee728b)
Start importing Assets/Fonts/Tinos-Bold SDF.asset using Guid(dc1f6d519af92c24f811065efdd43b9d) Importer(815301076,1909f56bfc062723c751e8b465ee728b)  -> (artifact id: '57699926315bdfdd4a2d326695ed50bb') in 0.026773 seconds
  Import took 0.031182 seconds .

========================================================================
Received Import Request.
  Time since last request: 125.334525 seconds.
  path: Assets/Fonts/Tinos-Bold SDF.asset
  artifactKey: Guid(dc1f6d519af92c24f811065efdd43b9d) Importer(815301076,1909f56bfc062723c751e8b465ee728b)
Start importing Assets/Fonts/Tinos-Bold SDF.asset using Guid(dc1f6d519af92c24f811065efdd43b9d) Importer(815301076,1909f56bfc062723c751e8b465ee728b)  -> (artifact id: '1aa40adb468843f1adf189d5b4f99420') in 0.028459 seconds
  Import took 0.034044 seconds .

========================================================================
Received Prepare
Registering precompiled user dll's ...
Registered in 0.001326 seconds.
Begin MonoManager ReloadAssembly
Native extension for WindowsStandalone target not found
Refreshing native plugins compatible for Editor in 0.45 ms, found 0 plugins.
Preloading 0 native plugins for Editor in 0.00 ms.
Invoked RoslynAnalysisRunner static constructor.
RoslynAnalysisRunner will not be running.
RoslynAnalysisRunner has terminated.
Mono: successfully reloaded assembly
- Completed reload, in  0.827 seconds
Platform modules already initialized, skipping
Shader 'Universal Render Pipeline/Particles/Lit': fallback shader 'Universal Render Pipeline/Particles/SimpleLit' not found
Refreshing native plugins compatible for Editor in 0.78 ms, found 0 plugins.
Preloading 0 native plugins for Editor in 0.00 ms.
Unloading 2395 Unused Serialized files (Serialized files now loaded: 0)
System memory in use before: 135.0 MB.
System memory in use after: 134.7 MB.

Unloading 17 unused Assets to reduce memory usage. Loaded Objects now: 3143.
Total: 2.515500 ms (FindLiveObjects: 0.374100 ms CreateObjectMapping: 0.123100 ms MarkObjects: 1.730400 ms  DeleteObjects: 0.286800 ms)

========================================================================
Received Prepare
Registering precompiled user dll's ...
Registered in 0.001952 seconds.
Begin MonoManager ReloadAssembly
Native extension for WindowsStandalone target not found
Refreshing native plugins compatible for Editor in 0.47 ms, found 0 plugins.
Preloading 0 native plugins for Editor in 0.00 ms.
Invoked RoslynAnalysisRunner static constructor.
RoslynAnalysisRunner will not be running.
RoslynAnalysisRunner has terminated.
Mono: successfully reloaded assembly
- Completed reload, in  0.887 seconds
Platform modules already initialized, skipping
Shader 'Universal Render Pipeline/Particles/Lit': fallback shader 'Universal Render Pipeline/Particles/SimpleLit' not found
Refreshing native plugins compatible for Editor in 0.41 ms, found 0 plugins.
Preloading 0 native plugins for Editor in 0.00 ms.
Unloading 2395 Unused Serialized files (Serialized files now loaded: 0)
System memory in use before: 135.1 MB.
System memory in use after: 134.8 MB.

Unloading 17 unused Assets to reduce memory usage. Loaded Objects now: 3145.
Total: 4.806500 ms (FindLiveObjects: 0.285800 ms CreateObjectMapping: 0.128100 ms MarkObjects: 4.013100 ms  DeleteObjects: 0.378300 ms)

========================================================================
Received Import Request.
  Time since last request: 974.147407 seconds.
  path: Assets/UI/total_gold.png
  artifactKey: Guid(3c605844fae28af40b29d78669eb6cc6) Importer(815301076,1909f56bfc062723c751e8b465ee728b)
Start importing Assets/UI/total_gold.png using Guid(3c605844fae28af40b29d78669eb6cc6) Importer(815301076,1909f56bfc062723c751e8b465ee728b)  -> (artifact id: '6868680802ca78474f2d0e52f01374da') in 0.059445 seconds
  Import took 0.066818 seconds .

========================================================================
Received Import Request.
  Time since last request: 0.000341 seconds.
  path: Assets/UI/total_ruins.png
  artifactKey: Guid(ba0d1257b6cf0df4a800c4bc8da0320a) Importer(815301076,1909f56bfc062723c751e8b465ee728b)
Start importing Assets/UI/total_ruins.png using Guid(ba0d1257b6cf0df4a800c4bc8da0320a) Importer(815301076,1909f56bfc062723c751e8b465ee728b)  -> (artifact id: '20413337cc842ad25b50cec967cff70d') in 0.018272 seconds
  Import took 0.024072 seconds .

========================================================================
Received Import Request.
  Time since last request: 8.319804 seconds.
  path: Assets/UI/total_ruins.png
  artifactKey: Guid(ba0d1257b6cf0df4a800c4bc8da0320a) Importer(815301076,1909f56bfc062723c751e8b465ee728b)
Start importing Assets/UI/total_ruins.png using Guid(ba0d1257b6cf0df4a800c4bc8da0320a) Importer(815301076,1909f56bfc062723c751e8b465ee728b)  -> (artifact id: '3fab591926e48469e6e1c9adef682802') in 0.033400 seconds
  Import took 0.037578 seconds .

========================================================================
Received Import Request.
  Time since last request: 0.000317 seconds.
  path: Assets/UI/total_gold.png
  artifactKey: Guid(3c605844fae28af40b29d78669eb6cc6) Importer(815301076,1909f56bfc062723c751e8b465ee728b)
Start importing Assets/UI/total_gold.png using Guid(3c605844fae28af40b29d78669eb6cc6) Importer(815301076,1909f56bfc062723c751e8b465ee728b)  -> (artifact id: '4a48a26e0de32e12dd78e31940d58af4') in 0.020769 seconds
  Import took 0.026332 seconds .

========================================================================
Received Prepare
Registering precompiled user dll's ...
Registered in 0.002220 seconds.
Begin MonoManager ReloadAssembly
Native extension for WindowsStandalone target not found
Refreshing native plugins compatible for Editor in 0.43 ms, found 0 plugins.
Preloading 0 native plugins for Editor in 0.00 ms.
Invoked RoslynAnalysisRunner static constructor.
RoslynAnalysisRunner will not be running.
RoslynAnalysisRunner has terminated.
Mono: successfully reloaded assembly
- Completed reload, in  0.836 seconds
Platform modules already initialized, skipping
Shader 'Universal Render Pipeline/Particles/Lit': fallback shader 'Universal Render Pipeline/Particles/SimpleLit' not found
Refreshing native plugins compatible for Editor in 0.44 ms, found 0 plugins.
Preloading 0 native plugins for Editor in 0.00 ms.
Unloading 2395 Unused Serialized files (Serialized files now loaded: 0)
System memory in use before: 135.0 MB.
System memory in use after: 134.7 MB.

Unloading 17 unused Assets to reduce memory usage. Loaded Objects now: 3153.
Total: 2.364300 ms (FindLiveObjects: 0.250100 ms CreateObjectMapping: 0.110300 ms MarkObjects: 1.707300 ms  DeleteObjects: 0.296000 ms)

========================================================================
Received Import Request.
  Time since last request: 255.267857 seconds.
  path: Assets/Scripts
  artifactKey: Guid(d814a427c807b41448c7ae32f1d4943e) Importer(815301076,1909f56bfc062723c751e8b465ee728b)
Start importing Assets/Scripts using Guid(d814a427c807b41448c7ae32f1d4943e) Importer(815301076,1909f56bfc062723c751e8b465ee728b)  -> (artifact id: '3e71605039f9f07cc8b1147896117f68') in 0.014337 seconds
  Import took 0.020002 seconds .

========================================================================
Received Import Request.
  Time since last request: 0.003552 seconds.
  path: Assets/Scripts
  artifactKey: Guid(d814a427c807b41448c7ae32f1d4943e) Importer(815301076,1909f56bfc062723c751e8b465ee728b)
Start importing Assets/Scripts using Guid(d814a427c807b41448c7ae32f1d4943e) Importer(815301076,1909f56bfc062723c751e8b465ee728b)  -> (artifact id: '3e71605039f9f07cc8b1147896117f68') in 0.002640 seconds
  Import took 0.009766 seconds .

========================================================================
Received Import Request.
  Time since last request: 8.261027 seconds.
  path: Assets/Scripts/New Folder
  artifactKey: Guid(e25b6ee98bc32964c8a97dc1734b307a) Importer(815301076,1909f56bfc062723c751e8b465ee728b)
Start importing Assets/Scripts/New Folder using Guid(e25b6ee98bc32964c8a97dc1734b307a) Importer(815301076,1909f56bfc062723c751e8b465ee728b)  -> (artifact id: '36f1fe3ae652144f81096d8cc7ec6608') in 0.009549 seconds
  Import took 0.015211 seconds .

========================================================================
Received Import Request.
  Time since last request: 34.634962 seconds.
  path: Assets/Scripts/GameRules.cs
  artifactKey: Guid(2efc5c1ac4bf42a4b8dac25697a37193) Importer(815301076,1909f56bfc062723c751e8b465ee728b)
Start importing Assets/Scripts/GameRules.cs using Guid(2efc5c1ac4bf42a4b8dac25697a37193) Importer(815301076,1909f56bfc062723c751e8b465ee728b)  -> (artifact id: '6a7d5795f5a74ab2e5ce6cb8da16806f') in 0.019078 seconds
  Import took 0.026173 seconds .

========================================================================
Received Prepare
Registering precompiled user dll's ...
Registered in 0.001334 seconds.
Begin MonoManager ReloadAssembly
Native extension for WindowsStandalone target not found
Refreshing native plugins compatible for Editor in 0.49 ms, found 0 plugins.
Preloading 0 native plugins for Editor in 0.00 ms.
Invoked RoslynAnalysisRunner static constructor.
RoslynAnalysisRunner will not be running.
RoslynAnalysisRunner has terminated.
Mono: successfully reloaded assembly
- Completed reload, in  0.893 seconds
Platform modules already initialized, skipping
Shader 'Universal Render Pipeline/Particles/Lit': fallback shader 'Universal Render Pipeline/Particles/SimpleLit' not found
Refreshing native plugins compatible for Editor in 0.51 ms, found 0 plugins.
Preloading 0 native plugins for Editor in 0.00 ms.
Unloading 2396 Unused Serialized files (Serialized files now loaded: 0)
System memory in use before: 135.1 MB.
System memory in use after: 134.8 MB.

Unloading 17 unused Assets to reduce memory usage. Loaded Objects now: 3156.
Total: 4.440800 ms (FindLiveObjects: 0.708400 ms CreateObjectMapping: 0.369400 ms MarkObjects: 3.026500 ms  DeleteObjects: 0.334200 ms)

========================================================================
Received Prepare
Registering precompiled user dll's ...
Registered in 0.002067 seconds.
Begin MonoManager ReloadAssembly
Native extension for WindowsStandalone target not found
Refreshing native plugins compatible for Editor in 0.42 ms, found 0 plugins.
Preloading 0 native plugins for Editor in 0.00 ms.
Invoked RoslynAnalysisRunner static constructor.
RoslynAnalysisRunner will not be running.
RoslynAnalysisRunner has terminated.
Mono: successfully reloaded assembly
- Completed reload, in  0.895 seconds
Platform modules already initialized, skipping
Shader 'Universal Render Pipeline/Particles/Lit': fallback shader 'Universal Render Pipeline/Particles/SimpleLit' not found
Refreshing native plugins compatible for Editor in 0.65 ms, found 0 plugins.
Preloading 0 native plugins for Editor in 0.00 ms.
Unloading 2396 Unused Serialized files (Serialized files now loaded: 0)
System memory in use before: 135.1 MB.
System memory in use after: 134.8 MB.

Unloading 17 unused Assets to reduce memory usage. Loaded Objects now: 3158.
Total: 3.250900 ms (FindLiveObjects: 0.435700 ms CreateObjectMapping: 0.267400 ms MarkObjects: 2.137200 ms  DeleteObjects: 0.408500 ms)

========================================================================
Received Import Request.
  Time since last request: 169.324490 seconds.
  path: Assets/Scripts/GameRules.cs
  artifactKey: Guid(2efc5c1ac4bf42a4b8dac25697a37193) Importer(815301076,1909f56bfc062723c751e8b465ee728b)
Start importing Assets/Scripts/GameRules.cs using Guid(2efc5c1ac4bf42a4b8dac25697a37193) Importer(815301076,1909f56bfc062723c751e8b465ee728b)  -> (artifact id: '32f15df3e6f3f660c513dfd71a0efa2e') in 0.005201 seconds
  Import took 0.010154 seconds .

========================================================================
Received Prepare
Registering precompiled user dll's ...
Registered in 0.001410 seconds.
Begin MonoManager ReloadAssembly
Native extension for WindowsStandalone target not found
Refreshing native plugins compatible for Editor in 0.43 ms, found 0 plugins.
Preloading 0 native plugins for Editor in 0.00 ms.
Invoked RoslynAnalysisRunner static constructor.
RoslynAnalysisRunner will not be running.
RoslynAnalysisRunner has terminated.
Mono: successfully reloaded assembly
- Completed reload, in  0.855 seconds
Platform modules already initialized, skipping
Shader 'Universal Render Pipeline/Particles/Lit': fallback shader 'Universal Render Pipeline/Particles/SimpleLit' not found
Refreshing native plugins compatible for Editor in 0.42 ms, found 0 plugins.
Preloading 0 native plugins for Editor in 0.00 ms.
Unloading 2396 Unused Serialized files (Serialized files now loaded: 0)
System memory in use before: 135.1 MB.
System memory in use after: 134.8 MB.

Unloading 17 unused Assets to reduce memory usage. Loaded Objects now: 3160.
Total: 3.442000 ms (FindLiveObjects: 0.433700 ms CreateObjectMapping: 0.174500 ms MarkObjects: 2.527900 ms  DeleteObjects: 0.303300 ms)

========================================================================
Received Import Request.
  Time since last request: 619.717977 seconds.
  path: Assets/Scripts/GameRules.cs
  artifactKey: Guid(2efc5c1ac4bf42a4b8dac25697a37193) Importer(815301076,1909f56bfc062723c751e8b465ee728b)
Start importing Assets/Scripts/GameRules.cs using Guid(2efc5c1ac4bf42a4b8dac25697a37193) Importer(815301076,1909f56bfc062723c751e8b465ee728b)  -> (artifact id: '6bf2c44f42fb4382e4dfb25336ae6611') in 0.004894 seconds
  Import took 0.008689 seconds .

========================================================================
Received Prepare
Registering precompiled user dll's ...
Registered in 0.001368 seconds.
Begin MonoManager ReloadAssembly
Native extension for WindowsStandalone target not found
Refreshing native plugins compatible for Editor in 0.42 ms, found 0 plugins.
Preloading 0 native plugins for Editor in 0.00 ms.
Invoked RoslynAnalysisRunner static constructor.
RoslynAnalysisRunner will not be running.
RoslynAnalysisRunner has terminated.
Mono: successfully reloaded assembly
- Completed reload, in  0.910 seconds
Platform modules already initialized, skipping
Shader 'Universal Render Pipeline/Particles/Lit': fallback shader 'Universal Render Pipeline/Particles/SimpleLit' not found
Refreshing native plugins compatible for Editor in 0.41 ms, found 0 plugins.
Preloading 0 native plugins for Editor in 0.00 ms.
Unloading 2396 Unused Serialized files (Serialized files now loaded: 0)
System memory in use before: 135.1 MB.
System memory in use after: 134.8 MB.

Unloading 17 unused Assets to reduce memory usage. Loaded Objects now: 3162.
Total: 2.762000 ms (FindLiveObjects: 0.265200 ms CreateObjectMapping: 0.124800 ms MarkObjects: 2.040400 ms  DeleteObjects: 0.330700 ms)

========================================================================
Received Prepare
Registering precompiled user dll's ...
Registered in 0.001407 seconds.
Begin MonoManager ReloadAssembly
Native extension for WindowsStandalone target not found
Refreshing native plugins compatible for Editor in 0.50 ms, found 0 plugins.
Preloading 0 native plugins for Editor in 0.00 ms.
Invoked RoslynAnalysisRunner static constructor.
RoslynAnalysisRunner will not be running.
RoslynAnalysisRunner has terminated.
Mono: successfully reloaded assembly
- Completed reload, in  0.843 seconds
Platform modules already initialized, skipping
Shader 'Universal Render Pipeline/Particles/Lit': fallback shader 'Universal Render Pipeline/Particles/SimpleLit' not found
Refreshing native plugins compatible for Editor in 0.46 ms, found 0 plugins.
Preloading 0 native plugins for Editor in 0.00 ms.
Unloading 2396 Unused Serialized files (Serialized files now loaded: 0)
System memory in use before: 135.0 MB.
System memory in use after: 134.7 MB.

Unloading 17 unused Assets to reduce memory usage. Loaded Objects now: 3164.
Total: 3.185200 ms (FindLiveObjects: 0.414600 ms CreateObjectMapping: 0.185900 ms MarkObjects: 2.278400 ms  DeleteObjects: 0.305100 ms)

========================================================================
Received Prepare
Registering precompiled user dll's ...
Registered in 0.001413 seconds.
Begin MonoManager ReloadAssembly
Native extension for WindowsStandalone target not found
Refreshing native plugins compatible for Editor in 0.41 ms, found 0 plugins.
Preloading 0 native plugins for Editor in 0.00 ms.
Invoked RoslynAnalysisRunner static constructor.
RoslynAnalysisRunner will not be running.
RoslynAnalysisRunner has terminated.
Mono: successfully reloaded assembly
- Completed reload, in  0.869 seconds
Platform modules already initialized, skipping
Shader 'Universal Render Pipeline/Particles/Lit': fallback shader 'Universal Render Pipeline/Particles/SimpleLit' not found
Refreshing native plugins compatible for Editor in 0.41 ms, found 0 plugins.
Preloading 0 native plugins for Editor in 0.00 ms.
Unloading 2396 Unused Serialized files (Serialized files now loaded: 0)
System memory in use before: 135.1 MB.
System memory in use after: 134.8 MB.

Unloading 17 unused Assets to reduce memory usage. Loaded Objects now: 3166.
Total: 2.385500 ms (FindLiveObjects: 0.274400 ms CreateObjectMapping: 0.102700 ms MarkObjects: 1.714200 ms  DeleteObjects: 0.293300 ms)

AssetImportWorkerClient::OnTransportError - code=10054 error=An existing connection was forcibly closed by the remote host.
