Using pre-set license
Built from '2020.2/release' branch; Version is '2020.2.2f1 (068178b99f32) revision 426360'; Using compiler version '192528614'; Build Type 'Release'
OS: 'Windows 10 Home Single Language; OS build 19041.264; Version 2004; 64bit' Language: 'en' Physical Memory: 3983 MB
BatchMode: 1, IsHumanControllingUs: 0, StartBugReporterOnCrash: 0, Is64bit: 1, IsPro: 0

 COMMAND LINE ARGUMENTS:
C:\Program Files\Unity 2020.2.2\Unity\Editor\Unity.exe
-adb2
-batchMode
-noUpm
-name
AssetImportWorker22
-projectPath
C:/Users/Oye Oluwaseun/Documents/upwork/FirstProject/IdleAdventure
-logFile
Logs/AssetImportWorker22.log
-srvPort
60202
Successfully changed project path to: C:/Users/Oye Oluwaseun/Documents/upwork/FirstProject/IdleAdventure
C:/Users/Oye Oluwaseun/Documents/upwork/FirstProject/IdleAdventure
Using Asset Import Pipeline V2.
Refreshing native plugins compatible for Editor in 10891.61 ms, found 0 plugins.
Preloading 0 native plugins for Editor in 0.00 ms.
Initialize engine version: 2020.2.2f1 (068178b99f32)
[Subsystems] Discovering subsystems at path C:/Program Files/Unity 2020.2.2/Unity/Editor/Data/Resources/UnitySubsystems
[Subsystems] Discovering subsystems at path C:/Users/Oye Oluwaseun/Documents/upwork/FirstProject/IdleAdventure/Assets
GfxDevice: creating device client; threaded=0
