Using pre-set license
Built from '2020.2/release' branch; Version is '2020.2.2f1 (068178b99f32) revision 426360'; Using compiler version '192528614'; Build Type 'Release'
OS: 'Windows 10 Home Single Language; OS build 19041.264; Version 2004; 64bit' Language: 'en' Physical Memory: 3983 MB
BatchMode: 1, IsHumanControllingUs: 0, StartBugReporterOnCrash: 0, Is64bit: 1, IsPro: 0

 COMMAND LINE ARGUMENTS:
C:\Program Files\Unity 2020.2.2\Unity\Editor\Unity.exe
-adb2
-batchMode
-noUpm
-name
AssetImportWorker13
-projectPath
C:/Users/Oye Oluwaseun/Documents/upwork/FirstProject/IdleAdventure
-logFile
Logs/AssetImportWorker13.log
-srvPort
51122
Successfully changed project path to: C:/Users/Oye Oluwaseun/Documents/upwork/FirstProject/IdleAdventure
C:/Users/Oye Oluwaseun/Documents/upwork/FirstProject/IdleAdventure
Using Asset Import Pipeline V2.
Refreshing native plugins compatible for Editor in 410.53 ms, found 0 plugins.
Preloading 0 native plugins for Editor in 0.00 ms.
Initialize engine version: 2020.2.2f1 (068178b99f32)
[Subsystems] Discovering subsystems at path C:/Program Files/Unity 2020.2.2/Unity/Editor/Data/Resources/UnitySubsystems
[Subsystems] Discovering subsystems at path C:/Users/Oye Oluwaseun/Documents/upwork/FirstProject/IdleAdventure/Assets
GfxDevice: creating device client; threaded=0
Direct3D:
    Version:  Direct3D 11.0 [level 11.1]
    Renderer: Intel(R) HD Graphics (ID=0x22b1)
    Vendor:   
    VRAM:     1991 MB
    Driver:   20.19.15.4703
Initialize mono
Mono path[0] = 'C:/Program Files/Unity 2020.2.2/Unity/Editor/Data/Managed'
Mono path[1] = 'C:/Program Files/Unity 2020.2.2/Unity/Editor/Data/MonoBleedingEdge/lib/mono/unityjit'
Mono config path = 'C:/Program Files/Unity 2020.2.2/Unity/Editor/Data/MonoBleedingEdge/etc'
Using monoOptions --debugger-agent=transport=dt_socket,embedding=1,server=y,suspend=n,address=127.0.0.1:56532
Begin MonoManager ReloadAssembly
Registering precompiled unity dll's ...
Register platform support module: C:/Program Files/Unity 2020.2.2/Unity/Editor/Data/PlaybackEngines/WindowsStandaloneSupport/UnityEditor.WindowsStandalone.Extensions.dll
Registered in 0.010781 seconds.
Native extension for WindowsStandalone target not found
Refreshing native plugins compatible for Editor in 277.73 ms, found 0 plugins.
Preloading 0 native plugins for Editor in 0.00 ms.
Invoked RoslynAnalysisRunner static constructor.
RoslynAnalysisRunner will not be running.
RoslynAnalysisRunner has terminated.
Mono: successfully reloaded assembly
- Completed reload, in  6.084 seconds
Platform modules already initialized, skipping
Registering precompiled user dll's ...
Registered in 0.015848 seconds.
Begin MonoManager ReloadAssembly
Native extension for WindowsStandalone target not found
Refreshing native plugins compatible for Editor in 572.50 ms, found 0 plugins.
Preloading 0 native plugins for Editor in 0.00 ms.
Invoked RoslynAnalysisRunner static constructor.
RoslynAnalysisRunner will not be running.
RoslynAnalysisRunner has terminated.
Mono: successfully reloaded assembly
- Completed reload, in  8.299 seconds
Platform modules already initialized, skipping
========================================================================
Worker process is ready to serve import requests
Shader 'Universal Render Pipeline/Particles/Lit': fallback shader 'Universal Render Pipeline/Particles/SimpleLit' not found
Shader 'Universal Render Pipeline/Particles/Lit': fallback shader 'Universal Render Pipeline/Particles/SimpleLit' not found
Launched and connected shader compiler UnityShaderCompiler.exe after 1.15 seconds
Refreshing native plugins compatible for Editor in 2.12 ms, found 0 plugins.
Preloading 0 native plugins for Editor in 0.00 ms.
Unloading 2553 Unused Serialized files (Serialized files now loaded: 0)
System memory in use before: 124.0 MB.
System memory in use after: 120.2 MB.

Unloading 76 unused Assets to reduce memory usage. Loaded Objects now: 2939.
Total: 30.664600 ms (FindLiveObjects: 1.266200 ms CreateObjectMapping: 1.429100 ms MarkObjects: 17.814100 ms  DeleteObjects: 10.147200 ms)

========================================================================
Received Import Request.
  path: Assets/rock my edit.fbx
  artifactKey: Guid(312812fba65d50140867f427cbb1f5ca) Importer(815301076,1909f56bfc062723c751e8b465ee728b)
Start importing Assets/rock my edit.fbx using Guid(312812fba65d50140867f427cbb1f5ca) Importer(815301076,1909f56bfc062723c751e8b465ee728b)  -> (artifact id: 'cb0eb514b907c5054e2bf339f1e7ea3b') in 6.880040 seconds
  Import took 7.031916 seconds .

========================================================================
Received Import Request.
  Time since last request: 312.725461 seconds.
  path: Assets/Textures/PaintedRock1.png
  artifactKey: Guid(7b625f94c82fac643bd0ad3ecb963ba8) Importer(815301076,1909f56bfc062723c751e8b465ee728b)
Start importing Assets/Textures/PaintedRock1.png using Guid(7b625f94c82fac643bd0ad3ecb963ba8) Importer(815301076,1909f56bfc062723c751e8b465ee728b)  -> (artifact id: '7a4f875790acd5f0775ae355511b7197') in 0.532923 seconds
  Import took 0.664952 seconds .

========================================================================
Received Import Request.
  Time since last request: 11034.891949 seconds.
  path: Assets/Textures/PaintedRock1.png
  artifactKey: Guid(7b625f94c82fac643bd0ad3ecb963ba8) Importer(815301076,1909f56bfc062723c751e8b465ee728b)
Start importing Assets/Textures/PaintedRock1.png using Guid(7b625f94c82fac643bd0ad3ecb963ba8) Importer(815301076,1909f56bfc062723c751e8b465ee728b)  -> (artifact id: 'f24015f7aab1253a2a1d1634e02ba01f') in 6.238902 seconds
  Import took 8.403357 seconds .

========================================================================
Received Import Request.
  Time since last request: 303.773792 seconds.
  path: Assets/rock my edit.fbx
  artifactKey: Guid(312812fba65d50140867f427cbb1f5ca) Importer(815301076,1909f56bfc062723c751e8b465ee728b)
Start importing Assets/rock my edit.fbx using Guid(312812fba65d50140867f427cbb1f5ca) Importer(815301076,1909f56bfc062723c751e8b465ee728b)  -> (artifact id: '9d1eca3e09bf3c330d56ffd77ba0ce50') in 7.190252 seconds
  Import took 7.257148 seconds .

========================================================================
Received Import Request.
  Time since last request: 0.003316 seconds.
  path: Assets/rock my edit2.fbx
  artifactKey: Guid(cac393e63d70e2a41b490b4c7318fce3) Importer(815301076,1909f56bfc062723c751e8b465ee728b)
Start importing Assets/rock my edit2.fbx using Guid(cac393e63d70e2a41b490b4c7318fce3) Importer(815301076,1909f56bfc062723c751e8b465ee728b)  -> (artifact id: '6f93037438a7da0669df6d748610e595') in 7.840197 seconds
  Import took 7.980633 seconds .

========================================================================
Received Import Request.
  Time since last request: 0.000826 seconds.
  path: Assets/rock my edit3.fbx
  artifactKey: Guid(311256e220eb1a34184095451cc22620) Importer(815301076,1909f56bfc062723c751e8b465ee728b)
Start importing Assets/rock my edit3.fbx using Guid(311256e220eb1a34184095451cc22620) Importer(815301076,1909f56bfc062723c751e8b465ee728b)  -> (artifact id: '9ab91b3db935e08cd00dc6b98903016e') in 0.661447 seconds
  Import took 0.752893 seconds .

========================================================================
Received Import Request.
  Time since last request: 0.023923 seconds.
  path: Assets/rock my edit3.fbx
  artifactKey: Guid(311256e220eb1a34184095451cc22620) Importer(815301076,1909f56bfc062723c751e8b465ee728b)
Start importing Assets/rock my edit3.fbx using Guid(311256e220eb1a34184095451cc22620) Importer(815301076,1909f56bfc062723c751e8b465ee728b)  -> (artifact id: '9ab91b3db935e08cd00dc6b98903016e') in 0.442327 seconds
  Import took 0.521410 seconds .

========================================================================
Received Import Request.
  Time since last request: 60.179439 seconds.
  path: Assets/rock my edit2.fbx
  artifactKey: Guid(cac393e63d70e2a41b490b4c7318fce3) Importer(815301076,1909f56bfc062723c751e8b465ee728b)
Start importing Assets/rock my edit2.fbx using Guid(cac393e63d70e2a41b490b4c7318fce3) Importer(815301076,1909f56bfc062723c751e8b465ee728b)  -> (artifact id: 'b72a3668e9965248a91fbb6163ae4a99') in 0.427065 seconds
  Import took 0.496462 seconds .

========================================================================
Received Import Request.
  Time since last request: 21.419848 seconds.
  path: Assets/Textures/Paintedrock2.png
  artifactKey: Guid(cedf6d2ab51eb244297bb6942dd491e7) Importer(815301076,1909f56bfc062723c751e8b465ee728b)
Start importing Assets/Textures/Paintedrock2.png using Guid(cedf6d2ab51eb244297bb6942dd491e7) Importer(815301076,1909f56bfc062723c751e8b465ee728b)  -> (artifact id: 'dadca65a6c8726f765d5b6cea87d9ceb') in 0.593613 seconds
  Import took 0.665081 seconds .

========================================================================
Received Import Request.
  Time since last request: 0.000856 seconds.
  path: Assets/Textures/PaintedRock3.png
  artifactKey: Guid(7f8a1c69b64a08e4f9b97cf0f51d2870) Importer(815301076,1909f56bfc062723c751e8b465ee728b)
Start importing Assets/Textures/PaintedRock3.png using Guid(7f8a1c69b64a08e4f9b97cf0f51d2870) Importer(815301076,1909f56bfc062723c751e8b465ee728b)  -> (artifact id: '9c65f712defc0e5f406b4e4b9c2e63a0') in 0.212154 seconds
  Import took 0.437298 seconds .

========================================================================
Received Import Request.
  Time since last request: 227.059521 seconds.
  path: Assets/rock my edit3.fbx
  artifactKey: Guid(311256e220eb1a34184095451cc22620) Importer(815301076,1909f56bfc062723c751e8b465ee728b)
Start importing Assets/rock my edit3.fbx using Guid(311256e220eb1a34184095451cc22620) Importer(815301076,1909f56bfc062723c751e8b465ee728b)  -> (artifact id: 'd7036c25f8a12eb9f1dc1cb15c318f9c') in 0.464759 seconds
  Import took 0.595969 seconds .

